SF:/Users/jong/playwright-ast-coverage/.codex/worktrees/gemini-2/crates/playwright-ast-coverage/src/config.rs
FN:73,_RNCNvNtCsjIJlTy97b1i_23playwright_ast_coverage6config13load_settings0B5_
FN:87,_RNCNvNtCsjIJlTy97b1i_23playwright_ast_coverage6config13load_settingss0_0B5_
FN:90,_RNCNvNtCsjIJlTy97b1i_23playwright_ast_coverage6config13load_settingss1_0B5_
FN:79,_RNCNvNtCsjIJlTy97b1i_23playwright_ast_coverage6config13load_settingss_0B5_
FN:139,_RNCNvNtCsjIJlTy97b1i_23playwright_ast_coverage6config25is_playwright_config_name0B5_
FN:142,_RNCNvNtCsjIJlTy97b1i_23playwright_ast_coverage6config25is_playwright_config_names_0B5_
FN:154,_RNCNvNtCsjIJlTy97b1i_23playwright_ast_coverage6config27default_selector_attributes0B5_
FN:112,_RNvMNtCsjIJlTy97b1i_23playwright_ast_coverage6configNtB2_9OneOrMany6values
FN:61,_RNvNtCsjIJlTy97b1i_23playwright_ast_coverage6config13load_settings
FN:138,_RNvNtCsjIJlTy97b1i_23playwright_ast_coverage6config25is_playwright_config_name
FN:151,_RNvNtCsjIJlTy97b1i_23playwright_ast_coverage6config27default_selector_attributes
FN:120,_RNvNtCsjIJlTy97b1i_23playwright_ast_coverage6config31find_default_playwright_configs
FN:176,_RNvNtNtCs41bbaSek44P_23playwright_ast_coverage6config5testss_30explicit_missing_config_errors
FN:164,_RNvNtNtCs41bbaSek44P_23playwright_ast_coverage6config5testss_36missing_default_config_uses_defaults
FN:185,_RNvNtNtCs41bbaSek44P_23playwright_ast_coverage6config5testss_46reads_yaml_and_finds_default_playwright_config
FN:202,_RNvNtNtCs41bbaSek44P_23playwright_ast_coverage6config5testss_52no_mistakes_config_has_priority_and_supports_nesting
FN:112,_RNvMNtCs41bbaSek44P_23playwright_ast_coverage6configNtB2_9OneOrMany6values
FN:61,_RNvNtCs41bbaSek44P_23playwright_ast_coverage6config13load_settings
FN:138,_RNvNtCs41bbaSek44P_23playwright_ast_coverage6config25is_playwright_config_name
FN:151,_RNvNtCs41bbaSek44P_23playwright_ast_coverage6config27default_selector_attributes
FN:120,_RNvNtCs41bbaSek44P_23playwright_ast_coverage6config31find_default_playwright_configs
FN:73,_RNCNvNtCs41bbaSek44P_23playwright_ast_coverage6config13load_settings0B5_
FN:87,_RNCNvNtCs41bbaSek44P_23playwright_ast_coverage6config13load_settingss0_0B5_
FN:90,_RNCNvNtCs41bbaSek44P_23playwright_ast_coverage6config13load_settingss1_0B5_
FN:79,_RNCNvNtCs41bbaSek44P_23playwright_ast_coverage6config13load_settingss_0B5_
FN:139,_RNCNvNtCs41bbaSek44P_23playwright_ast_coverage6config25is_playwright_config_name0B5_
FN:142,_RNCNvNtCs41bbaSek44P_23playwright_ast_coverage6config25is_playwright_config_names_0B5_
FN:154,_RNCNvNtCs41bbaSek44P_23playwright_ast_coverage6config27default_selector_attributes0B5_
FNDA:1,_RNCNvNtCsjIJlTy97b1i_23playwright_ast_coverage6config13load_settings0B5_
FNDA:0,_RNCNvNtCsjIJlTy97b1i_23playwright_ast_coverage6config13load_settingss0_0B5_
FNDA:51,_RNCNvNtCsjIJlTy97b1i_23playwright_ast_coverage6config13load_settingss1_0B5_
FNDA:0,_RNCNvNtCsjIJlTy97b1i_23playwright_ast_coverage6config13load_settingss_0B5_
FNDA:81,_RNCNvNtCsjIJlTy97b1i_23playwright_ast_coverage6config25is_playwright_config_name0B5_
FNDA:81,_RNCNvNtCsjIJlTy97b1i_23playwright_ast_coverage6config25is_playwright_config_names_0B5_
FNDA:72,_RNCNvNtCsjIJlTy97b1i_23playwright_ast_coverage6config27default_selector_attributes0B5_
FNDA:0,_RNvMNtCsjIJlTy97b1i_23playwright_ast_coverage6configNtB2_9OneOrMany6values
FNDA:56,_RNvNtCsjIJlTy97b1i_23playwright_ast_coverage6config13load_settings
FNDA:81,_RNvNtCsjIJlTy97b1i_23playwright_ast_coverage6config25is_playwright_config_name
FNDA:36,_RNvNtCsjIJlTy97b1i_23playwright_ast_coverage6config27default_selector_attributes
FNDA:54,_RNvNtCsjIJlTy97b1i_23playwright_ast_coverage6config31find_default_playwright_configs
FNDA:1,_RNvNtNtCs41bbaSek44P_23playwright_ast_coverage6config5testss_30explicit_missing_config_errors
FNDA:1,_RNvNtNtCs41bbaSek44P_23playwright_ast_coverage6config5testss_36missing_default_config_uses_defaults
FNDA:1,_RNvNtNtCs41bbaSek44P_23playwright_ast_coverage6config5testss_46reads_yaml_and_finds_default_playwright_config
FNDA:1,_RNvNtNtCs41bbaSek44P_23playwright_ast_coverage6config5testss_52no_mistakes_config_has_priority_and_supports_nesting
FNDA:0,_RNvMNtCs41bbaSek44P_23playwright_ast_coverage6configNtB2_9OneOrMany6values
FNDA:5,_RNvNtCs41bbaSek44P_23playwright_ast_coverage6config13load_settings
FNDA:5,_RNvNtCs41bbaSek44P_23playwright_ast_coverage6config25is_playwright_config_name
FNDA:4,_RNvNtCs41bbaSek44P_23playwright_ast_coverage6config27default_selector_attributes
FNDA:4,_RNvNtCs41bbaSek44P_23playwright_ast_coverage6config31find_default_playwright_configs
FNDA:0,_RNCNvNtCs41bbaSek44P_23playwright_ast_coverage6config13load_settings0B5_
FNDA:1,_RNCNvNtCs41bbaSek44P_23playwright_ast_coverage6config13load_settingss0_0B5_
FNDA:3,_RNCNvNtCs41bbaSek44P_23playwright_ast_coverage6config13load_settingss1_0B5_
FNDA:0,_RNCNvNtCs41bbaSek44P_23playwright_ast_coverage6config13load_settingss_0B5_
FNDA:5,_RNCNvNtCs41bbaSek44P_23playwright_ast_coverage6config25is_playwright_config_name0B5_
FNDA:5,_RNCNvNtCs41bbaSek44P_23playwright_ast_coverage6config25is_playwright_config_names_0B5_
FNDA:8,_RNCNvNtCs41bbaSek44P_23playwright_ast_coverage6config27default_selector_attributes0B5_
FNF:16
FNH:14
DA:61,61
DA:62,61
DA:63,61
DA:64,61
DA:65,61
DA:66,61
DA:67,61
DA:68,59
DA:70,59
DA:71,1
DA:72,1
DA:73,1
DA:74,1
DA:75,58
DA:76,0
DA:77,0
DA:78,0
DA:79,0
DA:80,0
DA:82,58
DA:85,59
DA:86,59
DA:87,59
DA:88,59
DA:89,59
DA:90,59
DA:92,59
DA:93,59
DA:94,59
DA:95,59
DA:96,59
DA:97,59
DA:98,59
DA:99,59
DA:100,59
DA:101,59
DA:102,59
DA:103,59
DA:104,59
DA:105,59
DA:106,59
DA:107,59
DA:108,59
DA:109,61
DA:112,0
DA:113,0
DA:114,0
DA:115,0
DA:117,0
DA:120,58
DA:121,58
DA:122,1
DA:123,57
DA:125,57
DA:126,192
DA:127,192
DA:128,192
DA:129,192
DA:130,164
DA:131,28
DA:132,28
DA:134,57
DA:135,57
DA:136,58
DA:138,86
DA:139,86
DA:140,0
DA:142,86
DA:143,0
DA:146,86
DA:147,28
DA:148,28
DA:149,86
DA:151,40
DA:152,40
DA:153,40
DA:154,80
DA:155,40
DA:156,40
DA:164,1
DA:165,1
DA:166,1
DA:167,1
DA:168,1
DA:169,1
DA:170,1
DA:171,1
DA:172,1
DA:173,1
DA:176,1
DA:177,1
DA:178,1
DA:179,1
DA:180,1
DA:181,1
DA:182,1
DA:185,1
DA:186,1
DA:187,1
DA:188,1
DA:189,1
DA:190,1
DA:191,1
DA:192,1
DA:193,1
DA:194,1
DA:195,1
DA:197,1
DA:199,1
DA:202,1
DA:203,1
DA:204,1
DA:205,1
DA:207,1
DA:208,1
DA:209,1
DA:210,1
BRF:0
BRH:0
LF:124
LH:111
end_of_record
SF:/Users/jong/playwright-ast-coverage/.codex/worktrees/gemini-2/crates/playwright-ast-coverage/src/main.rs
FN:1267,_RNvCsjIJlTy97b1i_23playwright_ast_coverage10absolutize
FN:1221,_RNvCsjIJlTy97b1i_23playwright_ast_coverage10is_ignored
FN:1263,_RNvCsjIJlTy97b1i_23playwright_ast_coverage10slash_path
FN:1236,_RNvCsjIJlTy97b1i_23playwright_ast_coverage10walk_files
FN:534,_RNvCsjIJlTy97b1i_23playwright_ast_coverage11route_index
FN:1227,_RNvCsjIJlTy97b1i_23playwright_ast_coverage13build_globset
FN:1193,_RNvCsjIJlTy97b1i_23playwright_ast_coverage13normalize_url
FN:873,_RNvCsjIJlTy97b1i_23playwright_ast_coverage14build_coverage
FN:1248,_RNvCsjIJlTy97b1i_23playwright_ast_coverage14is_skipped_dir
FN:572,_RNvCsjIJlTy97b1i_23playwright_ast_coverage14selector_index
FN:1259,_RNvCsjIJlTy97b1i_23playwright_ast_coverage15relative_string
FN:1126,_RNvCsjIJlTy97b1i_23playwright_ast_coverage16print_edges_text
FN:450,_RNvCsjIJlTy97b1i_23playwright_ast_coverage17analyze_test_file
FN:657,_RNvCsjIJlTy97b1i_23playwright_ast_coverage17route_specificity
FN:1187,_RNvCsjIJlTy97b1i_23playwright_ast_coverage18print_related_text
FN:1178,_RNvCsjIJlTy97b1i_23playwright_ast_coverage18related_input_file
FN:352,_RNvCsjIJlTy97b1i_23playwright_ast_coverage19analyze_with_policy
FN:747,_RNvCsjIJlTy97b1i_23playwright_ast_coverage19discover_test_files
FN:1071,_RNvCsjIJlTy97b1i_23playwright_ast_coverage19print_coverage_text
FN:558,_RNvCsjIJlTy97b1i_23playwright_ast_coverage20app_selector_targets
FN:1146,_RNvCsjIJlTy97b1i_23playwright_ast_coverage20build_related_report
FN:836,_RNvCsjIJlTy97b1i_23playwright_ast_coverage21test_project_contexts
FN:820,_RNvCsjIJlTy97b1i_23playwright_ast_coverage23build_project_discovery
FN:992,_RNvCsjIJlTy97b1i_23playwright_ast_coverage25build_duplicate_selectors
FN:846,_RNvCsjIJlTy97b1i_23playwright_ast_coverage25matching_project_contexts
FN:1217,_RNvCsjIJlTy97b1i_23playwright_ast_coverage26is_dynamic_pattern_segment
FN:717,_RNvCsjIJlTy97b1i_23playwright_ast_coverage29collect_selector_source_files
FN:1060,_RNvCsjIJlTy97b1i_23playwright_ast_coverage31has_configured_html_id_selector
FN:689,_RNvCsjIJlTy97b1i_23playwright_ast_coverage32collect_app_selector_occurrences
FN:282,_RNvCsjIJlTy97b1i_23playwright_ast_coverage3run
FN:271,_RNvCsjIJlTy97b1i_23playwright_ast_coverage4main
FN:238,_RNvMCsjIJlTy97b1i_23playwright_ast_coverageNtB2_18TestProjectContext12from_project
FN:607,_RNvMs0_CsjIJlTy97b1i_23playwright_ast_coverageNtB5_10RouteIndex10candidates
FN:621,_RNvMs1_CsjIJlTy97b1i_23playwright_ast_coverageNtB5_13SelectorIndex7matches
FN:1053,_RNvMs2_CsjIJlTy97b1i_23playwright_ast_coverageNtB5_20DuplicateSelectorKey5value
FN:258,_RNvMs_CsjIJlTy97b1i_23playwright_ast_coverageNtB4_18DiscoveredTestFile18test_id_attributes
FN:247,_RNvMs_CsjIJlTy97b1i_23playwright_ast_coverageNtB4_18DiscoveredTestFile9base_urls
FN:932,_RNCNCNvCsjIJlTy97b1i_23playwright_ast_coverage14build_coverages0_00B5_
FN:959,_RNCNCNvCsjIJlTy97b1i_23playwright_ast_coverage14build_coverages1_00B5_
FN:960,_RNCNCNvCsjIJlTy97b1i_23playwright_ast_coverage14build_coverages1_0s_0B5_
FN:1039,_RNCNCNvCsjIJlTy97b1i_23playwright_ast_coverage25build_duplicate_selectors00B5_
FN:1040,_RNCNCNvCsjIJlTy97b1i_23playwright_ast_coverage25build_duplicate_selectors0s_0B5_
FN:1224,_RNCNvCsjIJlTy97b1i_23playwright_ast_coverage10is_ignored0B3_
FN:1239,_RNCNvCsjIJlTy97b1i_23playwright_ast_coverage10walk_files0B3_
FN:1241,_RNCNvCsjIJlTy97b1i_23playwright_ast_coverage10walk_filess0_0B3_
FN:1242,_RNCNvCsjIJlTy97b1i_23playwright_ast_coverage10walk_filess1_0B3_
FN:1240,_RNCNvCsjIJlTy97b1i_23playwright_ast_coverage10walk_filess_0B3_
FN:896,_RNCNvCsjIJlTy97b1i_23playwright_ast_coverage14build_coverage0B3_
FN:932,_RNCNvCsjIJlTy97b1i_23playwright_ast_coverage14build_coverages0_0B3_
FN:956,_RNCNvCsjIJlTy97b1i_23playwright_ast_coverage14build_coverages1_0B3_
FN:909,_RNCNvCsjIJlTy97b1i_23playwright_ast_coverage14build_coverages_0B3_
FN:1250,_RNCNvCsjIJlTy97b1i_23playwright_ast_coverage14is_skipped_dir0B3_
FN:1251,_RNCNvCsjIJlTy97b1i_23playwright_ast_coverage14is_skipped_dirs_0B3_
FN:461,_RNCNvCsjIJlTy97b1i_23playwright_ast_coverage17analyze_test_file0B3_
FN:496,_RNCNvCsjIJlTy97b1i_23playwright_ast_coverage17analyze_test_files0_0B3_
FN:503,_RNCNvCsjIJlTy97b1i_23playwright_ast_coverage17analyze_test_files1_0B3_
FN:492,_RNCNvCsjIJlTy97b1i_23playwright_ast_coverage17analyze_test_files_0B3_
FN:660,_RNCNvCsjIJlTy97b1i_23playwright_ast_coverage17route_specificity0B3_
FN:399,_RNCNvCsjIJlTy97b1i_23playwright_ast_coverage19analyze_with_policy0B3_
FN:427,_RNCNvCsjIJlTy97b1i_23playwright_ast_coverage19analyze_with_policys0_0B3_
FN:423,_RNCNvCsjIJlTy97b1i_23playwright_ast_coverage19analyze_with_policys_0B3_
FN:758,_RNCNvCsjIJlTy97b1i_23playwright_ast_coverage19discover_test_files0B3_
FN:814,_RNCNvCsjIJlTy97b1i_23playwright_ast_coverage19discover_test_filess_0B3_
FN:1098,_RNCNvCsjIJlTy97b1i_23playwright_ast_coverage19print_coverage_text0B3_
FN:1106,_RNCNvCsjIJlTy97b1i_23playwright_ast_coverage19print_coverage_texts_0B3_
FN:565,_RNCNvCsjIJlTy97b1i_23playwright_ast_coverage20app_selector_targets0B3_
FN:1149,_RNCNvCsjIJlTy97b1i_23playwright_ast_coverage20build_related_report0B3_
FN:839,_RNCNvCsjIJlTy97b1i_23playwright_ast_coverage21test_project_contexts0B3_
FN:1036,_RNCNvCsjIJlTy97b1i_23playwright_ast_coverage25build_duplicate_selectors0B3_
FN:1064,_RNCNvCsjIJlTy97b1i_23playwright_ast_coverage31has_configured_html_id_selector0B3_
FN:1068,_RNCNvCsjIJlTy97b1i_23playwright_ast_coverage31has_configured_html_id_selectors_0B3_
FN:701,_RNCNvCsjIJlTy97b1i_23playwright_ast_coverage32collect_app_selector_occurrences0B3_
FN:710,_RNCNvCsjIJlTy97b1i_23playwright_ast_coverage32collect_app_selector_occurrencess_0B3_
FN:262,_RNCNvMs_CsjIJlTy97b1i_23playwright_ast_coverageNtB6_18DiscoveredTestFile18test_id_attributes0B6_
FN:251,_RNCNvMs_CsjIJlTy97b1i_23playwright_ast_coverageNtB6_18DiscoveredTestFile9base_urls0B6_
FN:1434,_RNCNvNtCs41bbaSek44P_23playwright_ast_coverage5testss_57walk_files_returns_files_and_skips_configured_directories0B5_
FN:1919,_RNvNtCs41bbaSek44P_23playwright_ast_coverage5testss_30analyze_surfaces_parser_errors
FN:1775,_RNvNtCs41bbaSek44P_23playwright_ast_coverage5testss_31route_edges_mark_routes_covered
FN:1307,_RNvNtCs41bbaSek44P_23playwright_ast_coverage5testss_32skipped_directories_are_detected
FN:1732,_RNvNtCs41bbaSek44P_23playwright_ast_coverage5testss_35selector_edges_mark_targets_covered
FN:1468,_RNvNtCs41bbaSek44P_23playwright_ast_coverage5testss_37coverage_sort_uses_file_as_tiebreaker
FN:1425,_RNvNtCs41bbaSek44P_23playwright_ast_coverage5testss_38build_globset_rejects_invalid_patterns
FN:1967,_RNvNtCs41bbaSek44P_23playwright_ast_coverage5testss_40text_printers_cover_routes_and_selectors
FN:1816,_RNvNtCs41bbaSek44P_23playwright_ast_coverage5testss_42analyze_discovers_tests_and_builds_reports
FN:1509,_RNvNtCs41bbaSek44P_23playwright_ast_coverage5testss_44selector_coverage_sorts_and_counts_uncovered
FN:1327,_RNvNtCs41bbaSek44P_23playwright_ast_coverage5testss_45compiled_route_matching_handles_edge_segments
FN:1300,_RNvNtCs41bbaSek44P_23playwright_ast_coverage5testss_46ignore_routes_match_exact_and_dynamic_patterns
FN:1313,_RNvNtCs41bbaSek44P_23playwright_ast_coverage5testss_47path_helpers_handle_absolute_and_relative_paths
FN:2023,_RNvNtCs41bbaSek44P_23playwright_ast_coverage5testss_47related_report_matches_route_and_selector_edges
FN:1595,_RNvNtCs41bbaSek44P_23playwright_ast_coverage5testss_52duplicate_selector_report_includes_exact_values_only
FN:1840,_RNvNtCs41bbaSek44P_23playwright_ast_coverage5testss_54discover_test_files_walks_shared_project_test_dir_once
FN:1546,_RNvNtCs41bbaSek44P_23playwright_ast_coverage5testss_54selector_coverage_sort_uses_value_and_file_tiebreakers
FN:1281,_RNvNtCs41bbaSek44P_23playwright_ast_coverage5testss_57normalize_url_handles_relative_absolute_base_and_external
FN:1375,_RNvNtCs41bbaSek44P_23playwright_ast_coverage5testss_57selector_index_matches_exact_template_and_fuzzy_selectors
FN:1430,_RNvNtCs41bbaSek44P_23playwright_ast_coverage5testss_57walk_files_returns_files_and_skips_configured_directories
FN:1704,_RNvNtCs41bbaSek44P_23playwright_ast_coverage5testss_61configured_html_id_selectors_count_as_test_ids_for_uniqueness
FN:1440,_RNvNtCs41bbaSek44P_23playwright_ast_coverage5testss_62collect_app_selectors_skips_missing_roots_and_non_source_files
FN:1647,_RNvNtCs41bbaSek44P_23playwright_ast_coverage5testss_63duplicate_selector_report_keeps_html_ids_separate_from_test_ids
FN:1352,_RNvNtCs41bbaSek44P_23playwright_ast_coverage5testss_63route_specificity_prefers_earlier_static_segments_and_exact_end
FN:1885,_RNvNtCs41bbaSek44P_23playwright_ast_coverage5testss_64discover_test_files_applies_yaml_exclude_before_project_matching
FN:1675,_RNvNtCs41bbaSek44P_23playwright_ast_coverage5testss_65deprecated_duplicate_selector_report_preserves_aggregate_grouping
FN:932,_RNCNCNvCs41bbaSek44P_23playwright_ast_coverage14build_coverages0_00B5_
FN:959,_RNCNCNvCs41bbaSek44P_23playwright_ast_coverage14build_coverages1_00B5_
FN:960,_RNCNCNvCs41bbaSek44P_23playwright_ast_coverage14build_coverages1_0s_0B5_
FN:1039,_RNCNCNvCs41bbaSek44P_23playwright_ast_coverage25build_duplicate_selectors00B5_
FN:1040,_RNCNCNvCs41bbaSek44P_23playwright_ast_coverage25build_duplicate_selectors0s_0B5_
FN:1224,_RNCNvCs41bbaSek44P_23playwright_ast_coverage10is_ignored0B3_
FN:1239,_RNCNvCs41bbaSek44P_23playwright_ast_coverage10walk_files0B3_
FN:1241,_RNCNvCs41bbaSek44P_23playwright_ast_coverage10walk_filess0_0B3_
FN:1242,_RNCNvCs41bbaSek44P_23playwright_ast_coverage10walk_filess1_0B3_
FN:1240,_RNCNvCs41bbaSek44P_23playwright_ast_coverage10walk_filess_0B3_
FN:896,_RNCNvCs41bbaSek44P_23playwright_ast_coverage14build_coverage0B3_
FN:932,_RNCNvCs41bbaSek44P_23playwright_ast_coverage14build_coverages0_0B3_
FN:956,_RNCNvCs41bbaSek44P_23playwright_ast_coverage14build_coverages1_0B3_
FN:909,_RNCNvCs41bbaSek44P_23playwright_ast_coverage14build_coverages_0B3_
FN:1250,_RNCNvCs41bbaSek44P_23playwright_ast_coverage14is_skipped_dir0B3_
FN:1251,_RNCNvCs41bbaSek44P_23playwright_ast_coverage14is_skipped_dirs_0B3_
FN:461,_RNCNvCs41bbaSek44P_23playwright_ast_coverage17analyze_test_file0B3_
FN:496,_RNCNvCs41bbaSek44P_23playwright_ast_coverage17analyze_test_files0_0B3_
FN:503,_RNCNvCs41bbaSek44P_23playwright_ast_coverage17analyze_test_files1_0B3_
FN:492,_RNCNvCs41bbaSek44P_23playwright_ast_coverage17analyze_test_files_0B3_
FN:660,_RNCNvCs41bbaSek44P_23playwright_ast_coverage17route_specificity0B3_
FN:399,_RNCNvCs41bbaSek44P_23playwright_ast_coverage19analyze_with_policy0B3_
FN:427,_RNCNvCs41bbaSek44P_23playwright_ast_coverage19analyze_with_policys0_0B3_
FN:423,_RNCNvCs41bbaSek44P_23playwright_ast_coverage19analyze_with_policys_0B3_
FN:758,_RNCNvCs41bbaSek44P_23playwright_ast_coverage19discover_test_files0B3_
FN:814,_RNCNvCs41bbaSek44P_23playwright_ast_coverage19discover_test_filess_0B3_
FN:1098,_RNCNvCs41bbaSek44P_23playwright_ast_coverage19print_coverage_text0B3_
FN:1106,_RNCNvCs41bbaSek44P_23playwright_ast_coverage19print_coverage_texts_0B3_
FN:565,_RNCNvCs41bbaSek44P_23playwright_ast_coverage20app_selector_targets0B3_
FN:1149,_RNCNvCs41bbaSek44P_23playwright_ast_coverage20build_related_report0B3_
FN:839,_RNCNvCs41bbaSek44P_23playwright_ast_coverage21test_project_contexts0B3_
FN:1036,_RNCNvCs41bbaSek44P_23playwright_ast_coverage25build_duplicate_selectors0B3_
FN:1064,_RNCNvCs41bbaSek44P_23playwright_ast_coverage31has_configured_html_id_selector0B3_
FN:1068,_RNCNvCs41bbaSek44P_23playwright_ast_coverage31has_configured_html_id_selectors_0B3_
FN:701,_RNCNvCs41bbaSek44P_23playwright_ast_coverage32collect_app_selector_occurrences0B3_
FN:710,_RNCNvCs41bbaSek44P_23playwright_ast_coverage32collect_app_selector_occurrencess_0B3_
FN:262,_RNCNvMs_Cs41bbaSek44P_23playwright_ast_coverageNtB6_18DiscoveredTestFile18test_id_attributes0B6_
FN:251,_RNCNvMs_Cs41bbaSek44P_23playwright_ast_coverageNtB6_18DiscoveredTestFile9base_urls0B6_
FN:1267,_RNvCs41bbaSek44P_23playwright_ast_coverage10absolutize
FN:1221,_RNvCs41bbaSek44P_23playwright_ast_coverage10is_ignored
FN:1263,_RNvCs41bbaSek44P_23playwright_ast_coverage10slash_path
FN:1236,_RNvCs41bbaSek44P_23playwright_ast_coverage10walk_files
FN:534,_RNvCs41bbaSek44P_23playwright_ast_coverage11route_index
FN:1227,_RNvCs41bbaSek44P_23playwright_ast_coverage13build_globset
FN:1193,_RNvCs41bbaSek44P_23playwright_ast_coverage13normalize_url
FN:873,_RNvCs41bbaSek44P_23playwright_ast_coverage14build_coverage
FN:1248,_RNvCs41bbaSek44P_23playwright_ast_coverage14is_skipped_dir
FN:572,_RNvCs41bbaSek44P_23playwright_ast_coverage14selector_index
FN:1259,_RNvCs41bbaSek44P_23playwright_ast_coverage15relative_string
FN:1126,_RNvCs41bbaSek44P_23playwright_ast_coverage16print_edges_text
FN:450,_RNvCs41bbaSek44P_23playwright_ast_coverage17analyze_test_file
FN:657,_RNvCs41bbaSek44P_23playwright_ast_coverage17route_specificity
FN:1187,_RNvCs41bbaSek44P_23playwright_ast_coverage18print_related_text
FN:1178,_RNvCs41bbaSek44P_23playwright_ast_coverage18related_input_file
FN:352,_RNvCs41bbaSek44P_23playwright_ast_coverage19analyze_with_policy
FN:747,_RNvCs41bbaSek44P_23playwright_ast_coverage19discover_test_files
FN:1071,_RNvCs41bbaSek44P_23playwright_ast_coverage19print_coverage_text
FN:558,_RNvCs41bbaSek44P_23playwright_ast_coverage20app_selector_targets
FN:1146,_RNvCs41bbaSek44P_23playwright_ast_coverage20build_related_report
FN:677,_RNvCs41bbaSek44P_23playwright_ast_coverage21collect_app_selectors
FN:836,_RNvCs41bbaSek44P_23playwright_ast_coverage21test_project_contexts
FN:820,_RNvCs41bbaSek44P_23playwright_ast_coverage23build_project_discovery
FN:992,_RNvCs41bbaSek44P_23playwright_ast_coverage25build_duplicate_selectors
FN:846,_RNvCs41bbaSek44P_23playwright_ast_coverage25matching_project_contexts
FN:1217,_RNvCs41bbaSek44P_23playwright_ast_coverage26is_dynamic_pattern_segment
FN:717,_RNvCs41bbaSek44P_23playwright_ast_coverage29collect_selector_source_files
FN:1060,_RNvCs41bbaSek44P_23playwright_ast_coverage31has_configured_html_id_selector
FN:689,_RNvCs41bbaSek44P_23playwright_ast_coverage32collect_app_selector_occurrences
FN:343,_RNvCs41bbaSek44P_23playwright_ast_coverage7analyze
FN:238,_RNvMCs41bbaSek44P_23playwright_ast_coverageNtB2_18TestProjectContext12from_project
FN:607,_RNvMs0_Cs41bbaSek44P_23playwright_ast_coverageNtB5_10RouteIndex10candidates
FN:621,_RNvMs1_Cs41bbaSek44P_23playwright_ast_coverageNtB5_13SelectorIndex7matches
FN:1053,_RNvMs2_Cs41bbaSek44P_23playwright_ast_coverageNtB5_20DuplicateSelectorKey5value
FN:258,_RNvMs_Cs41bbaSek44P_23playwright_ast_coverageNtB4_18DiscoveredTestFile18test_id_attributes
FN:247,_RNvMs_Cs41bbaSek44P_23playwright_ast_coverageNtB4_18DiscoveredTestFile9base_urls
FNDA:56,_RNvCsjIJlTy97b1i_23playwright_ast_coverage10absolutize
FNDA:12,_RNvCsjIJlTy97b1i_23playwright_ast_coverage10is_ignored
FNDA:912,_RNvCsjIJlTy97b1i_23playwright_ast_coverage10slash_path
FNDA:95,_RNvCsjIJlTy97b1i_23playwright_ast_coverage10walk_files
FNDA:48,_RNvCsjIJlTy97b1i_23playwright_ast_coverage11route_index
FNDA:262,_RNvCsjIJlTy97b1i_23playwright_ast_coverage13build_globset
FNDA:96,_RNvCsjIJlTy97b1i_23playwright_ast_coverage13normalize_url
FNDA:48,_RNvCsjIJlTy97b1i_23playwright_ast_coverage14build_coverage
FNDA:758,_RNvCsjIJlTy97b1i_23playwright_ast_coverage14is_skipped_dir
FNDA:48,_RNvCsjIJlTy97b1i_23playwright_ast_coverage14selector_index
FNDA:814,_RNvCsjIJlTy97b1i_23playwright_ast_coverage15relative_string
FNDA:3,_RNvCsjIJlTy97b1i_23playwright_ast_coverage16print_edges_text
FNDA:56,_RNvCsjIJlTy97b1i_23playwright_ast_coverage17analyze_test_file
FNDA:232,_RNvCsjIJlTy97b1i_23playwright_ast_coverage17route_specificity
FNDA:2,_RNvCsjIJlTy97b1i_23playwright_ast_coverage18print_related_text
FNDA:3,_RNvCsjIJlTy97b1i_23playwright_ast_coverage18related_input_file
FNDA:55,_RNvCsjIJlTy97b1i_23playwright_ast_coverage19analyze_with_policy
FNDA:48,_RNvCsjIJlTy97b1i_23playwright_ast_coverage19discover_test_files
FNDA:16,_RNvCsjIJlTy97b1i_23playwright_ast_coverage19print_coverage_text
FNDA:48,_RNvCsjIJlTy97b1i_23playwright_ast_coverage20app_selector_targets
FNDA:3,_RNvCsjIJlTy97b1i_23playwright_ast_coverage20build_related_report
FNDA:48,_RNvCsjIJlTy97b1i_23playwright_ast_coverage21test_project_contexts
FNDA:48,_RNvCsjIJlTy97b1i_23playwright_ast_coverage23build_project_discovery
FNDA:48,_RNvCsjIJlTy97b1i_23playwright_ast_coverage25build_duplicate_selectors
FNDA:25,_RNvCsjIJlTy97b1i_23playwright_ast_coverage25matching_project_contexts
FNDA:78,_RNvCsjIJlTy97b1i_23playwright_ast_coverage26is_dynamic_pattern_segment
FNDA:45,_RNvCsjIJlTy97b1i_23playwright_ast_coverage29collect_selector_source_files
FNDA:55,_RNvCsjIJlTy97b1i_23playwright_ast_coverage31has_configured_html_id_selector
FNDA:45,_RNvCsjIJlTy97b1i_23playwright_ast_coverage32collect_app_selector_occurrences
FNDA:57,_RNvCsjIJlTy97b1i_23playwright_ast_coverage3run
FNDA:57,_RNvCsjIJlTy97b1i_23playwright_ast_coverage4main
FNDA:52,_RNvMCsjIJlTy97b1i_23playwright_ast_coverageNtB2_18TestProjectContext12from_project
FNDA:93,_RNvMs0_CsjIJlTy97b1i_23playwright_ast_coverageNtB5_10RouteIndex10candidates
FNDA:42,_RNvMs1_CsjIJlTy97b1i_23playwright_ast_coverageNtB5_13SelectorIndex7matches
FNDA:3,_RNvMs2_CsjIJlTy97b1i_23playwright_ast_coverageNtB5_20DuplicateSelectorKey5value
FNDA:56,_RNvMs_CsjIJlTy97b1i_23playwright_ast_coverageNtB4_18DiscoveredTestFile18test_id_attributes
FNDA:56,_RNvMs_CsjIJlTy97b1i_23playwright_ast_coverageNtB4_18DiscoveredTestFile9base_urls
FNDA:3,_RNCNCNvCsjIJlTy97b1i_23playwright_ast_coverage14build_coverages0_00B5_
FNDA:21,_RNCNCNvCsjIJlTy97b1i_23playwright_ast_coverage14build_coverages1_00B5_
FNDA:6,_RNCNCNvCsjIJlTy97b1i_23playwright_ast_coverage14build_coverages1_0s_0B5_
FNDA:5,_RNCNCNvCsjIJlTy97b1i_23playwright_ast_coverage25build_duplicate_selectors00B5_
FNDA:1,_RNCNCNvCsjIJlTy97b1i_23playwright_ast_coverage25build_duplicate_selectors0s_0B5_
FNDA:1,_RNCNvCsjIJlTy97b1i_23playwright_ast_coverage10is_ignored0B3_
FNDA:758,_RNCNvCsjIJlTy97b1i_23playwright_ast_coverage10walk_files0B3_
FNDA:755,_RNCNvCsjIJlTy97b1i_23playwright_ast_coverage10walk_filess0_0B3_
FNDA:304,_RNCNvCsjIJlTy97b1i_23playwright_ast_coverage10walk_filess1_0B3_
FNDA:755,_RNCNvCsjIJlTy97b1i_23playwright_ast_coverage10walk_filess_0B3_
FNDA:87,_RNCNvCsjIJlTy97b1i_23playwright_ast_coverage14build_coverage0B3_
FNDA:54,_RNCNvCsjIJlTy97b1i_23playwright_ast_coverage14build_coverages0_0B3_
FNDA:29,_RNCNvCsjIJlTy97b1i_23playwright_ast_coverage14build_coverages1_0B3_
FNDA:45,_RNCNvCsjIJlTy97b1i_23playwright_ast_coverage14build_coverages_0B3_
FNDA:758,_RNCNvCsjIJlTy97b1i_23playwright_ast_coverage14is_skipped_dir0B3_
FNDA:758,_RNCNvCsjIJlTy97b1i_23playwright_ast_coverage14is_skipped_dirs_0B3_
FNDA:56,_RNCNvCsjIJlTy97b1i_23playwright_ast_coverage17analyze_test_file0B3_
FNDA:116,_RNCNvCsjIJlTy97b1i_23playwright_ast_coverage17analyze_test_files0_0B3_
FNDA:116,_RNCNvCsjIJlTy97b1i_23playwright_ast_coverage17analyze_test_files1_0B3_
FNDA:179,_RNCNvCsjIJlTy97b1i_23playwright_ast_coverage17analyze_test_files_0B3_
FNDA:354,_RNCNvCsjIJlTy97b1i_23playwright_ast_coverage17route_specificity0B3_
FNDA:61,_RNCNvCsjIJlTy97b1i_23playwright_ast_coverage19analyze_with_policy0B3_
FNDA:66,_RNCNvCsjIJlTy97b1i_23playwright_ast_coverage19analyze_with_policys0_0B3_
FNDA:56,_RNCNvCsjIJlTy97b1i_23playwright_ast_coverage19analyze_with_policys_0B3_
FNDA:118,_RNCNvCsjIJlTy97b1i_23playwright_ast_coverage19discover_test_files0B3_
FNDA:31,_RNCNvCsjIJlTy97b1i_23playwright_ast_coverage19discover_test_filess_0B3_
FNDA:3,_RNCNvCsjIJlTy97b1i_23playwright_ast_coverage19print_coverage_text0B3_
FNDA:4,_RNCNvCsjIJlTy97b1i_23playwright_ast_coverage19print_coverage_texts_0B3_
FNDA:58,_RNCNvCsjIJlTy97b1i_23playwright_ast_coverage20app_selector_targets0B3_
FNDA:3,_RNCNvCsjIJlTy97b1i_23playwright_ast_coverage20build_related_report0B3_
FNDA:52,_RNCNvCsjIJlTy97b1i_23playwright_ast_coverage21test_project_contexts0B3_
FNDA:5,_RNCNvCsjIJlTy97b1i_23playwright_ast_coverage25build_duplicate_selectors0B3_
FNDA:87,_RNCNvCsjIJlTy97b1i_23playwright_ast_coverage31has_configured_html_id_selector0B3_
FNDA:1,_RNCNvCsjIJlTy97b1i_23playwright_ast_coverage31has_configured_html_id_selectors_0B3_
FNDA:111,_RNCNvCsjIJlTy97b1i_23playwright_ast_coverage32collect_app_selector_occurrences0B3_
FNDA:177,_RNCNvCsjIJlTy97b1i_23playwright_ast_coverage32collect_app_selector_occurrencess_0B3_
FNDA:58,_RNCNvMs_CsjIJlTy97b1i_23playwright_ast_coverageNtB6_18DiscoveredTestFile18test_id_attributes0B6_
FNDA:58,_RNCNvMs_CsjIJlTy97b1i_23playwright_ast_coverageNtB6_18DiscoveredTestFile9base_urls0B6_
FNDA:2,_RNCNvNtCs41bbaSek44P_23playwright_ast_coverage5testss_57walk_files_returns_files_and_skips_configured_directories0B5_
FNDA:1,_RNvNtCs41bbaSek44P_23playwright_ast_coverage5testss_30analyze_surfaces_parser_errors
FNDA:1,_RNvNtCs41bbaSek44P_23playwright_ast_coverage5testss_31route_edges_mark_routes_covered
FNDA:1,_RNvNtCs41bbaSek44P_23playwright_ast_coverage5testss_32skipped_directories_are_detected
FNDA:1,_RNvNtCs41bbaSek44P_23playwright_ast_coverage5testss_35selector_edges_mark_targets_covered
FNDA:1,_RNvNtCs41bbaSek44P_23playwright_ast_coverage5testss_37coverage_sort_uses_file_as_tiebreaker
FNDA:1,_RNvNtCs41bbaSek44P_23playwright_ast_coverage5testss_38build_globset_rejects_invalid_patterns
FNDA:1,_RNvNtCs41bbaSek44P_23playwright_ast_coverage5testss_40text_printers_cover_routes_and_selectors
FNDA:1,_RNvNtCs41bbaSek44P_23playwright_ast_coverage5testss_42analyze_discovers_tests_and_builds_reports
FNDA:1,_RNvNtCs41bbaSek44P_23playwright_ast_coverage5testss_44selector_coverage_sorts_and_counts_uncovered
FNDA:1,_RNvNtCs41bbaSek44P_23playwright_ast_coverage5testss_45compiled_route_matching_handles_edge_segments
FNDA:1,_RNvNtCs41bbaSek44P_23playwright_ast_coverage5testss_46ignore_routes_match_exact_and_dynamic_patterns
FNDA:1,_RNvNtCs41bbaSek44P_23playwright_ast_coverage5testss_47path_helpers_handle_absolute_and_relative_paths
FNDA:1,_RNvNtCs41bbaSek44P_23playwright_ast_coverage5testss_47related_report_matches_route_and_selector_edges
FNDA:1,_RNvNtCs41bbaSek44P_23playwright_ast_coverage5testss_52duplicate_selector_report_includes_exact_values_only
FNDA:1,_RNvNtCs41bbaSek44P_23playwright_ast_coverage5testss_54discover_test_files_walks_shared_project_test_dir_once
FNDA:1,_RNvNtCs41bbaSek44P_23playwright_ast_coverage5testss_54selector_coverage_sort_uses_value_and_file_tiebreakers
FNDA:1,_RNvNtCs41bbaSek44P_23playwright_ast_coverage5testss_57normalize_url_handles_relative_absolute_base_and_external
FNDA:1,_RNvNtCs41bbaSek44P_23playwright_ast_coverage5testss_57selector_index_matches_exact_template_and_fuzzy_selectors
FNDA:1,_RNvNtCs41bbaSek44P_23playwright_ast_coverage5testss_57walk_files_returns_files_and_skips_configured_directories
FNDA:1,_RNvNtCs41bbaSek44P_23playwright_ast_coverage5testss_61configured_html_id_selectors_count_as_test_ids_for_uniqueness
FNDA:1,_RNvNtCs41bbaSek44P_23playwright_ast_coverage5testss_62collect_app_selectors_skips_missing_roots_and_non_source_files
FNDA:1,_RNvNtCs41bbaSek44P_23playwright_ast_coverage5testss_63duplicate_selector_report_keeps_html_ids_separate_from_test_ids
FNDA:1,_RNvNtCs41bbaSek44P_23playwright_ast_coverage5testss_63route_specificity_prefers_earlier_static_segments_and_exact_end
FNDA:1,_RNvNtCs41bbaSek44P_23playwright_ast_coverage5testss_64discover_test_files_applies_yaml_exclude_before_project_matching
FNDA:1,_RNvNtCs41bbaSek44P_23playwright_ast_coverage5testss_65deprecated_duplicate_selector_report_preserves_aggregate_grouping
FNDA:1,_RNCNCNvCs41bbaSek44P_23playwright_ast_coverage14build_coverages0_00B5_
FNDA:2,_RNCNCNvCs41bbaSek44P_23playwright_ast_coverage14build_coverages1_00B5_
FNDA:1,_RNCNCNvCs41bbaSek44P_23playwright_ast_coverage14build_coverages1_0s_0B5_
FNDA:7,_RNCNCNvCs41bbaSek44P_23playwright_ast_coverage25build_duplicate_selectors00B5_
FNDA:2,_RNCNCNvCs41bbaSek44P_23playwright_ast_coverage25build_duplicate_selectors0s_0B5_
FNDA:3,_RNCNvCs41bbaSek44P_23playwright_ast_coverage10is_ignored0B3_
FNDA:30,_RNCNvCs41bbaSek44P_23playwright_ast_coverage10walk_files0B3_
FNDA:29,_RNCNvCs41bbaSek44P_23playwright_ast_coverage10walk_filess0_0B3_
FNDA:11,_RNCNvCs41bbaSek44P_23playwright_ast_coverage10walk_filess1_0B3_
FNDA:29,_RNCNvCs41bbaSek44P_23playwright_ast_coverage10walk_filess_0B3_
FNDA:2,_RNCNvCs41bbaSek44P_23playwright_ast_coverage14build_coverage0B3_
FNDA:1,_RNCNvCs41bbaSek44P_23playwright_ast_coverage14build_coverages0_0B3_
FNDA:2,_RNCNvCs41bbaSek44P_23playwright_ast_coverage14build_coverages1_0B3_
FNDA:1,_RNCNvCs41bbaSek44P_23playwright_ast_coverage14build_coverages_0B3_
FNDA:32,_RNCNvCs41bbaSek44P_23playwright_ast_coverage14is_skipped_dir0B3_
FNDA:32,_RNCNvCs41bbaSek44P_23playwright_ast_coverage14is_skipped_dirs_0B3_
FNDA:1,_RNCNvCs41bbaSek44P_23playwright_ast_coverage17analyze_test_file0B3_
FNDA:1,_RNCNvCs41bbaSek44P_23playwright_ast_coverage17analyze_test_files0_0B3_
FNDA:1,_RNCNvCs41bbaSek44P_23playwright_ast_coverage17analyze_test_files1_0B3_
FNDA:1,_RNCNvCs41bbaSek44P_23playwright_ast_coverage17analyze_test_files_0B3_
FNDA:7,_RNCNvCs41bbaSek44P_23playwright_ast_coverage17route_specificity0B3_
FNDA:0,_RNCNvCs41bbaSek44P_23playwright_ast_coverage19analyze_with_policy0B3_
FNDA:1,_RNCNvCs41bbaSek44P_23playwright_ast_coverage19analyze_with_policys0_0B3_
FNDA:2,_RNCNvCs41bbaSek44P_23playwright_ast_coverage19analyze_with_policys_0B3_
FNDA:4,_RNCNvCs41bbaSek44P_23playwright_ast_coverage19discover_test_files0B3_
FNDA:1,_RNCNvCs41bbaSek44P_23playwright_ast_coverage19discover_test_filess_0B3_
FNDA:1,_RNCNvCs41bbaSek44P_23playwright_ast_coverage19print_coverage_text0B3_
FNDA:1,_RNCNvCs41bbaSek44P_23playwright_ast_coverage19print_coverage_texts_0B3_
FNDA:3,_RNCNvCs41bbaSek44P_23playwright_ast_coverage20app_selector_targets0B3_
FNDA:2,_RNCNvCs41bbaSek44P_23playwright_ast_coverage20build_related_report0B3_
FNDA:5,_RNCNvCs41bbaSek44P_23playwright_ast_coverage21test_project_contexts0B3_
FNDA:7,_RNCNvCs41bbaSek44P_23playwright_ast_coverage25build_duplicate_selectors0B3_
FNDA:0,_RNCNvCs41bbaSek44P_23playwright_ast_coverage31has_configured_html_id_selector0B3_
FNDA:0,_RNCNvCs41bbaSek44P_23playwright_ast_coverage31has_configured_html_id_selectors_0B3_
FNDA:2,_RNCNvCs41bbaSek44P_23playwright_ast_coverage32collect_app_selector_occurrences0B3_
FNDA:1,_RNCNvCs41bbaSek44P_23playwright_ast_coverage32collect_app_selector_occurrencess_0B3_
FNDA:2,_RNCNvMs_Cs41bbaSek44P_23playwright_ast_coverageNtB6_18DiscoveredTestFile18test_id_attributes0B6_
FNDA:2,_RNCNvMs_Cs41bbaSek44P_23playwright_ast_coverageNtB6_18DiscoveredTestFile9base_urls0B6_
FNDA:2,_RNvCs41bbaSek44P_23playwright_ast_coverage10absolutize
FNDA:5,_RNvCs41bbaSek44P_23playwright_ast_coverage10is_ignored
FNDA:45,_RNvCs41bbaSek44P_23playwright_ast_coverage10slash_path
FNDA:7,_RNvCs41bbaSek44P_23playwright_ast_coverage10walk_files
FNDA:2,_RNvCs41bbaSek44P_23playwright_ast_coverage11route_index
FNDA:21,_RNvCs41bbaSek44P_23playwright_ast_coverage13build_globset
FNDA:6,_RNvCs41bbaSek44P_23playwright_ast_coverage13normalize_url
FNDA:6,_RNvCs41bbaSek44P_23playwright_ast_coverage14build_coverage
FNDA:32,_RNvCs41bbaSek44P_23playwright_ast_coverage14is_skipped_dir
FNDA:3,_RNvCs41bbaSek44P_23playwright_ast_coverage14selector_index
FNDA:42,_RNvCs41bbaSek44P_23playwright_ast_coverage15relative_string
FNDA:1,_RNvCs41bbaSek44P_23playwright_ast_coverage16print_edges_text
FNDA:2,_RNvCs41bbaSek44P_23playwright_ast_coverage17analyze_test_file
FNDA:6,_RNvCs41bbaSek44P_23playwright_ast_coverage17route_specificity
FNDA:1,_RNvCs41bbaSek44P_23playwright_ast_coverage18print_related_text
FNDA:2,_RNvCs41bbaSek44P_23playwright_ast_coverage18related_input_file
FNDA:2,_RNvCs41bbaSek44P_23playwright_ast_coverage19analyze_with_policy
FNDA:4,_RNvCs41bbaSek44P_23playwright_ast_coverage19discover_test_files
FNDA:1,_RNvCs41bbaSek44P_23playwright_ast_coverage19print_coverage_text
FNDA:3,_RNvCs41bbaSek44P_23playwright_ast_coverage20app_selector_targets
FNDA:1,_RNvCs41bbaSek44P_23playwright_ast_coverage20build_related_report
FNDA:2,_RNvCs41bbaSek44P_23playwright_ast_coverage21collect_app_selectors
FNDA:4,_RNvCs41bbaSek44P_23playwright_ast_coverage21test_project_contexts
FNDA:4,_RNvCs41bbaSek44P_23playwright_ast_coverage23build_project_discovery
FNDA:10,_RNvCs41bbaSek44P_23playwright_ast_coverage25build_duplicate_selectors
FNDA:2,_RNvCs41bbaSek44P_23playwright_ast_coverage25matching_project_contexts
FNDA:4,_RNvCs41bbaSek44P_23playwright_ast_coverage26is_dynamic_pattern_segment
FNDA:2,_RNvCs41bbaSek44P_23playwright_ast_coverage29collect_selector_source_files
FNDA:2,_RNvCs41bbaSek44P_23playwright_ast_coverage31has_configured_html_id_selector
FNDA:2,_RNvCs41bbaSek44P_23playwright_ast_coverage32collect_app_selector_occurrences
FNDA:2,_RNvCs41bbaSek44P_23playwright_ast_coverage7analyze
FNDA:5,_RNvMCs41bbaSek44P_23playwright_ast_coverageNtB2_18TestProjectContext12from_project
FNDA:1,_RNvMs0_Cs41bbaSek44P_23playwright_ast_coverageNtB5_10RouteIndex10candidates
FNDA:4,_RNvMs1_Cs41bbaSek44P_23playwright_ast_coverageNtB5_13SelectorIndex7matches
FNDA:3,_RNvMs2_Cs41bbaSek44P_23playwright_ast_coverageNtB5_20DuplicateSelectorKey5value
FNDA:2,_RNvMs_Cs41bbaSek44P_23playwright_ast_coverageNtB4_18DiscoveredTestFile18test_id_attributes
FNDA:2,_RNvMs_Cs41bbaSek44P_23playwright_ast_coverageNtB4_18DiscoveredTestFile9base_urls
FNF:103
FNH:103
DA:238,57
DA:239,57
DA:240,57
DA:241,57
DA:242,57
DA:243,57
DA:247,58
DA:248,58
DA:249,58
DA:250,58
DA:251,60
DA:252,58
DA:253,58
DA:254,58
DA:255,58
DA:256,58
DA:258,58
DA:259,58
DA:260,58
DA:261,58
DA:262,60
DA:263,58
DA:264,58
DA:265,58
DA:266,58
DA:267,58
DA:271,57
DA:272,57
DA:273,49
DA:274,8
DA:275,8
DA:276,8
DA:279,57
DA:282,57
DA:283,57
DA:284,57
DA:285,57
DA:286,57
DA:287,57
DA:288,57
DA:289,57
DA:290,1
DA:291,56
DA:292,56
DA:293,56
DA:294,56
DA:295,56
DA:296,56
DA:297,56
DA:299,56
DA:300,56
DA:301,54
DA:302,56
DA:305,7
DA:306,49
DA:308,40
DA:309,23
DA:310,17
DA:311,17
DA:312,17
DA:313,40
DA:314,31
DA:315,26
DA:317,17
DA:319,23
DA:323,6
DA:324,3
DA:325,3
DA:326,3
DA:327,3
DA:328,6
DA:330,3
DA:331,3
DA:332,3
DA:333,1
DA:334,2
DA:335,2
DA:336,2
DA:337,3
DA:340,57
DA:343,2
DA:344,2
DA:345,2
DA:346,2
DA:347,2
DA:348,2
DA:350,2
DA:352,57
DA:353,57
DA:354,57
DA:355,57
DA:356,57
DA:357,57
DA:358,57
DA:359,57
DA:360,57
DA:361,57
DA:362,1
DA:364,1
DA:365,1
DA:366,1
DA:367,1
DA:369,56
DA:371,56
DA:372,56
DA:373,56
DA:374,56
DA:375,6
DA:376,50
DA:377,50
DA:378,50
DA:379,50
DA:380,50
DA:382,50
DA:383,50
DA:384,50
DA:385,50
DA:386,50
DA:388,50
DA:389,6
DA:390,5
DA:391,5
DA:393,5
DA:395,45
DA:397,50
DA:398,50
DA:399,61
DA:400,61
DA:401,57
DA:402,56
DA:403,61
DA:404,50
DA:405,50
DA:406,50
DA:407,50
DA:408,50
DA:409,50
DA:410,50
DA:411,50
DA:412,50
DA:413,50
DA:414,50
DA:415,50
DA:416,50
DA:417,50
DA:418,50
DA:419,50
DA:421,50
DA:422,50
DA:423,58
DA:424,58
DA:425,57
DA:426,58
DA:427,67
DA:428,67
DA:429,67
DA:430,67
DA:431,49
DA:432,49
DA:434,49
DA:435,49
DA:436,49
DA:437,49
DA:438,49
DA:439,49
DA:440,49
DA:441,49
DA:442,49
DA:444,49
DA:445,49
DA:446,49
DA:447,49
DA:448,57
DA:450,58
DA:451,58
DA:452,58
DA:453,58
DA:454,58
DA:455,58
DA:456,58
DA:457,58
DA:458,58
DA:460,57
DA:461,58
DA:462,57
DA:463,57
DA:464,57
DA:465,57
DA:467,57
DA:468,23
DA:470,34
DA:471,34
DA:472,34
DA:473,34
DA:474,34
DA:477,57
DA:478,57
DA:480,101
DA:481,101
DA:482,4
DA:483,97
DA:484,97
DA:485,3
DA:487,94
DA:488,94
DA:489,94
DA:490,94
DA:491,94
DA:492,180
DA:493,94
DA:494,94
DA:495,94
DA:496,117
DA:497,94
DA:499,4
DA:501,93
DA:502,90
DA:503,117
DA:504,93
DA:505,93
DA:506,93
DA:507,93
DA:508,93
DA:509,93
DA:510,93
DA:511,93
DA:514,57
DA:515,45
DA:516,45
DA:517,3
DA:518,42
DA:519,45
DA:520,45
DA:521,45
DA:522,45
DA:523,45
DA:524,45
DA:525,45
DA:526,45
DA:527,45
DA:529,23
DA:531,57
DA:532,58
DA:534,50
DA:535,50
DA:536,104
DA:537,104
DA:538,104
DA:539,104
DA:540,104
DA:541,104
DA:542,104
DA:543,104
DA:544,104
DA:545,104
DA:546,26
DA:547,78
DA:548,75
DA:549,75
DA:550,75
DA:551,75
DA:552,75
DA:555,50
DA:556,50
DA:558,51
DA:559,51
DA:560,51
DA:561,51
DA:562,51
DA:563,51
DA:564,51
DA:565,61
DA:566,61
DA:567,61
DA:568,61
DA:569,51
DA:570,51
DA:572,51
DA:573,51
DA:574,61
DA:575,61
DA:576,5
DA:577,56
DA:578,56
DA:579,56
DA:580,56
DA:581,56
DA:582,56
DA:583,56
DA:584,53
DA:585,53
DA:586,53
DA:587,53
DA:588,53
DA:589,53
DA:590,53
DA:591,53
DA:592,53
DA:593,56
DA:595,3
DA:596,3
DA:597,3
DA:598,3
DA:599,3
DA:600,3
DA:601,53
DA:603,51
DA:604,51
DA:607,94
DA:608,94
DA:609,24
DA:610,70
DA:612,70
DA:613,70
DA:614,67
DA:615,67
DA:616,70
DA:617,94
DA:621,46
DA:622,46
DA:623,46
DA:624,46
DA:625,46
DA:626,46
DA:627,41
DA:628,38
DA:629,36
DA:630,36
DA:631,3
DA:632,41
DA:633,41
DA:634,41
DA:636,38
DA:638,3
DA:639,3
DA:640,2
DA:641,2
DA:643,3
DA:644,5
DA:646,5
DA:647,6
DA:648,6
DA:649,3
DA:650,3
DA:652,1
DA:653,5
DA:654,46
DA:657,238
DA:658,238
DA:659,238
DA:660,361
DA:661,361
DA:662,5
DA:663,356
DA:664,4
DA:665,352
DA:666,150
DA:668,202
DA:670,361
DA:671,238
DA:672,238
DA:673,238
DA:674,238
DA:677,2
DA:678,2
DA:679,2
DA:680,2
DA:681,2
DA:682,2
DA:683,1
DA:684,1
DA:686,1
DA:687,2
DA:689,47
DA:690,47
DA:691,47
DA:692,47
DA:693,47
DA:694,47
DA:695,47
DA:696,47
DA:697,47
DA:698,47
DA:699,47
DA:700,47
DA:701,113
DA:702,113
DA:703,113
DA:704,113
DA:705,113
DA:706,113
DA:707,1
DA:708,112
DA:709,113
DA:710,178
DA:711,178
DA:712,178
DA:713,178
DA:714,46
DA:715,47
DA:717,47
DA:718,47
DA:719,47
DA:720,47
DA:721,47
DA:722,47
DA:723,47
DA:724,47
DA:725,48
DA:726,48
DA:727,48
DA:728,1
DA:729,47
DA:731,115
DA:732,115
DA:733,1
DA:734,114
DA:735,114
DA:736,114
DA:737,1
DA:738,113
DA:740,113
DA:744,47
DA:745,47
DA:747,52
DA:748,52
DA:749,52
DA:750,52
DA:751,52
DA:752,52
DA:753,52
DA:754,52
DA:755,22
DA:756,22
DA:757,22
DA:758,122
DA:759,122
DA:760,122
DA:761,122
DA:762,27
DA:763,27
DA:764,2
DA:765,25
DA:766,27
DA:768,22
DA:769,30
DA:771,30
DA:772,30
DA:773,30
DA:775,34
DA:776,34
DA:777,1
DA:778,33
DA:779,33
DA:780,33
DA:781,33
DA:782,33
DA:785,32
DA:786,76
DA:787,76
DA:788,76
DA:789,1
DA:790,75
DA:791,75
DA:792,75
DA:793,75
DA:794,76
DA:795,76
DA:796,43
DA:797,43
DA:798,76
DA:799,76
DA:800,76
DA:801,76
DA:802,33
DA:803,43
DA:805,75
DA:806,32
DA:807,43
DA:811,30
DA:812,30
DA:813,30
DA:814,32
DA:815,32
DA:816,32
DA:817,30
DA:818,52
DA:820,52
DA:821,52
DA:822,52
DA:823,52
DA:824,52
DA:825,57
DA:826,57
DA:827,57
DA:828,57
DA:829,57
DA:830,57
DA:833,52
DA:834,52
DA:836,52
DA:837,52
DA:838,52
DA:839,57
DA:840,52
DA:841,52
DA:842,52
DA:843,52
DA:844,52
DA:846,27
DA:847,27
DA:848,27
DA:849,27
DA:850,27
DA:851,27
DA:852,27
DA:853,30
DA:854,30
DA:855,4
DA:856,26
DA:858,26
DA:859,26
DA:860,26
DA:861,1
DA:862,1
DA:863,26
DA:864,26
DA:865,26
DA:866,26
DA:867,25
DA:868,25
DA:870,27
DA:871,27
DA:873,54
DA:874,54
DA:875,54
DA:876,54
DA:877,54
DA:878,54
DA:879,54
DA:880,54
DA:881,54
DA:882,54
DA:883,54
DA:884,54
DA:886,140
DA:887,140
DA:889,94
DA:890,94
DA:891,94
DA:894,94
DA:895,94
DA:896,94
DA:897,94
DA:898,94
DA:901,46
DA:902,46
DA:903,46
DA:904,46
DA:905,46
DA:907,46
DA:908,46
DA:909,46
DA:910,46
DA:911,46
DA:916,54
DA:917,106
DA:918,106
DA:919,106
DA:920,106
DA:921,106
DA:922,106
DA:923,106
DA:924,106
DA:925,106
DA:926,106
DA:927,106
DA:928,106
DA:929,106
DA:932,55
DA:933,54
DA:934,63
DA:935,63
DA:936,63
DA:937,63
DA:938,63
DA:939,63
DA:940,63
DA:941,63
DA:942,63
DA:943,63
DA:944,63
DA:945,63
DA:946,63
DA:947,63
DA:948,63
DA:949,63
DA:950,63
DA:951,63
DA:952,63
DA:953,63
DA:954,63
DA:955,63
DA:956,54
DA:957,31
DA:958,31
DA:959,31
DA:960,31
DA:961,31
DA:963,54
DA:964,54
DA:965,54
DA:966,54
DA:967,54
DA:968,54
DA:969,54
DA:970,54
DA:971,54
DA:972,54
DA:973,54
DA:974,54
DA:976,54
DA:977,54
DA:978,54
DA:979,54
DA:980,54
DA:981,54
DA:982,54
DA:983,54
DA:984,54
DA:985,54
DA:986,54
DA:987,54
DA:988,54
DA:989,54
DA:990,54
DA:992,58
DA:993,58
DA:994,58
DA:995,58
DA:996,58
DA:997,58
DA:998,58
DA:999,78
DA:1000,78
DA:1001,70
DA:1002,5
DA:1003,5
DA:1004,5
DA:1005,5
DA:1006,65
DA:1007,11
DA:1008,6
DA:1009,6
DA:1010,6
DA:1011,6
DA:1012,6
DA:1013,54
DA:1014,10
DA:1015,10
DA:1016,10
DA:1017,10
DA:1018,44
DA:1019,8
DA:1022,58
DA:1023,58
DA:1024,11
DA:1025,5
DA:1026,6
DA:1027,6
DA:1028,16
DA:1029,16
DA:1030,16
DA:1031,16
DA:1032,16
DA:1033,16
DA:1034,16
DA:1036,58
DA:1037,12
DA:1038,12
DA:1039,12
DA:1040,12
DA:1041,12
DA:1042,58
DA:1043,58
DA:1053,6
DA:1054,6
DA:1055,6
DA:1057,6
DA:1060,57
DA:1061,57
DA:1062,57
DA:1063,57
DA:1064,87
DA:1065,56
DA:1066,56
DA:1067,56
DA:1068,56
DA:1069,57
DA:1071,17
DA:1072,17
DA:1073,17
DA:1074,17
DA:1075,17
DA:1076,17
DA:1077,17
DA:1081,17
DA:1086,17
DA:1087,14
DA:1088,11
DA:1090,8
DA:1091,8
DA:1092,8
DA:1093,9
DA:1095,9
DA:1096,3
DA:1097,3
DA:1098,4
DA:1099,3
DA:1100,3
DA:1101,6
DA:1103,9
DA:1104,4
DA:1105,4
DA:1106,5
DA:1107,4
DA:1108,4
DA:1109,4
DA:1110,4
DA:1111,4
DA:1112,5
DA:1114,9
DA:1115,4
DA:1116,4
DA:1117,9
DA:1118,9
DA:1119,9
DA:1120,9
DA:1121,9
DA:1122,9
DA:1123,5
DA:1124,17
DA:1126,4
DA:1127,7
DA:1128,7
DA:1130,4
DA:1131,4
DA:1132,4
DA:1133,4
DA:1134,4
DA:1136,3
DA:1137,3
DA:1138,3
DA:1139,3
DA:1140,3
DA:1141,3
DA:1144,4
DA:1146,4
DA:1147,4
DA:1148,4
DA:1149,5
DA:1150,4
DA:1151,4
DA:1153,12
DA:1154,6
DA:1156,6
DA:1157,6
DA:1159,6
DA:1160,4
DA:1161,4
DA:1163,6
DA:1164,6
DA:1166,6
DA:1167,4
DA:1168,4
DA:1169,4
DA:1173,4
DA:1174,4
DA:1175,4
DA:1176,4
DA:1178,5
DA:1179,5
DA:1180,1
DA:1181,4
DA:1183,4
DA:1184,4
DA:1185,5
DA:1187,3
DA:1188,4
DA:1189,4
DA:1190,4
DA:1191,3
DA:1193,102
DA:1194,102
DA:1195,1
DA:1196,101
DA:1198,101
DA:1199,91
DA:1200,10
DA:1202,10
DA:1203,9
DA:1204,9
DA:1205,7
DA:1206,2
DA:1207,5
DA:1208,5
DA:1209,4
DA:1210,1
DA:1211,2
DA:1214,4
DA:1215,102
DA:1217,82
DA:1218,82
DA:1219,82
DA:1221,17
DA:1222,17
DA:1223,17
DA:1224,17
DA:1225,17
DA:1227,283
DA:1228,283
DA:1229,788
DA:1230,788
DA:1231,787
DA:1233,282
DA:1234,283
DA:1236,102
DA:1237,102
DA:1238,102
DA:1239,788
DA:1240,784
DA:1241,784
DA:1242,315
DA:1243,102
DA:1244,102
DA:1245,102
DA:1246,102
DA:1248,790
DA:1249,790
DA:1250,790
DA:1251,790
DA:1252,5
DA:1253,790
DA:1254,790
DA:1256,790
DA:1257,790
DA:1259,856
DA:1260,856
DA:1261,856
DA:1263,957
DA:1264,957
DA:1265,957
DA:1267,58
DA:1268,58
DA:1269,56
DA:1271,2
DA:1273,58
DA:1281,1
DA:1282,1
DA:1283,1
DA:1284,1
DA:1285,1
DA:1287,1
DA:1288,1
DA:1289,1
DA:1291,1
DA:1292,1
DA:1293,1
DA:1295,1
DA:1296,1
DA:1297,1
DA:1300,1
DA:1301,1
DA:1302,1
DA:1303,1
DA:1304,1
DA:1307,1
DA:1308,1
DA:1309,1
DA:1310,1
DA:1313,1
DA:1314,1
DA:1315,1
DA:1316,1
DA:1317,1
DA:1319,1
DA:1320,1
DA:1321,1
DA:1324,1
DA:1327,1
DA:1328,1
DA:1329,1
DA:1330,1
DA:1331,1
DA:1333,1
DA:1334,1
DA:1335,1
DA:1337,1
DA:1338,1
DA:1339,1
DA:1341,1
DA:1342,1
DA:1343,1
DA:1345,1
DA:1346,1
DA:1347,1
DA:1348,1
DA:1349,1
DA:1352,1
DA:1353,1
DA:1354,1
DA:1355,1
DA:1356,1
DA:1357,1
DA:1358,1
DA:1359,1
DA:1360,1
DA:1361,1
DA:1362,1
DA:1363,1
DA:1364,1
DA:1365,1
DA:1366,1
DA:1367,1
DA:1368,1
DA:1370,1
DA:1371,1
DA:1372,1
DA:1375,1
DA:1376,1
DA:1377,1
DA:1378,1
DA:1379,1
DA:1380,1
DA:1381,1
DA:1382,1
DA:1383,1
DA:1384,1
DA:1385,1
DA:1386,1
DA:1387,1
DA:1388,1
DA:1389,1
DA:1391,1
DA:1392,1
DA:1393,1
DA:1395,1
DA:1396,1
DA:1397,1
DA:1398,1
DA:1400,1
DA:1402,1
DA:1403,1
DA:1404,1
DA:1405,1
DA:1407,1
DA:1409,1
DA:1410,1
DA:1411,1
DA:1412,1
DA:1414,1
DA:1416,1
DA:1417,1
DA:1418,1
DA:1419,1
DA:1421,1
DA:1422,1
DA:1425,1
DA:1426,1
DA:1427,1
DA:1430,1
DA:1431,1
DA:1432,1
DA:1433,1
DA:1434,2
DA:1435,1
DA:1436,1
DA:1437,1
DA:1440,1
DA:1441,1
DA:1442,1
DA:1443,1
DA:1444,1
DA:1445,1
DA:1446,1
DA:1447,1
DA:1448,1
DA:1449,1
DA:1450,1
DA:1451,1
DA:1452,1
DA:1453,1
DA:1454,1
DA:1455,1
DA:1456,1
DA:1458,1
DA:1459,1
DA:1460,1
DA:1462,1
DA:1463,1
DA:1464,1
DA:1465,1
DA:1468,1
DA:1469,1
DA:1470,1
DA:1471,1
DA:1472,1
DA:1473,1
DA:1474,1
DA:1475,1
DA:1476,1
DA:1477,1
DA:1478,1
DA:1480,1
DA:1481,1
DA:1482,1
DA:1483,1
DA:1484,1
DA:1485,1
DA:1486,1
DA:1487,1
DA:1488,1
DA:1489,1
DA:1490,1
DA:1491,1
DA:1492,1
DA:1493,1
DA:1494,1
DA:1495,1
DA:1496,1
DA:1497,1
DA:1498,1
DA:1499,1
DA:1500,1
DA:1501,1
DA:1502,1
DA:1504,1
DA:1505,1
DA:1506,1
DA:1509,1
DA:1510,1
DA:1511,1
DA:1512,1
DA:1513,1
DA:1514,1
DA:1515,1
DA:1516,1
DA:1517,1
DA:1518,1
DA:1519,1
DA:1520,1
DA:1521,1
DA:1522,1
DA:1523,1
DA:1524,1
DA:1525,1
DA:1526,1
DA:1527,1
DA:1528,1
DA:1529,1
DA:1530,1
DA:1531,1
DA:1532,1
DA:1533,1
DA:1534,1
DA:1535,1
DA:1536,1
DA:1537,1
DA:1538,1
DA:1540,1
DA:1541,1
DA:1542,1
DA:1543,1
DA:1546,1
DA:1547,1
DA:1548,1
DA:1549,1
DA:1550,1
DA:1551,1
DA:1552,1
DA:1553,1
DA:1554,1
DA:1555,1
DA:1556,1
DA:1557,1
DA:1558,1
DA:1559,1
DA:1560,1
DA:1561,1
DA:1562,1
DA:1563,1
DA:1565,1
DA:1566,1
DA:1567,1
DA:1568,1
DA:1569,1
DA:1570,1
DA:1571,1
DA:1572,1
DA:1573,1
DA:1574,1
DA:1575,1
DA:1576,1
DA:1577,1
DA:1578,1
DA:1579,1
DA:1580,1
DA:1581,1
DA:1582,1
DA:1583,1
DA:1584,1
DA:1585,1
DA:1586,1
DA:1587,1
DA:1589,1
DA:1590,1
DA:1591,1
DA:1592,1
DA:1595,1
DA:1596,1
DA:1597,1
DA:1598,1
DA:1599,1
DA:1600,1
DA:1601,1
DA:1602,1
DA:1603,1
DA:1604,1
DA:1605,1
DA:1606,1
DA:1607,1
DA:1608,1
DA:1609,1
DA:1610,1
DA:1611,1
DA:1612,1
DA:1613,1
DA:1614,1
DA:1615,1
DA:1616,1
DA:1617,1
DA:1618,1
DA:1619,1
DA:1620,1
DA:1621,1
DA:1622,1
DA:1623,1
DA:1624,1
DA:1625,1
DA:1626,1
DA:1627,1
DA:1630,1
DA:1631,1
DA:1632,1
DA:1633,1
DA:1634,1
DA:1635,1
DA:1636,1
DA:1637,1
DA:1639,1
DA:1640,1
DA:1641,1
DA:1642,1
DA:1643,1
DA:1644,1
DA:1647,1
DA:1648,1
DA:1649,1
DA:1650,1
DA:1651,1
DA:1652,1
DA:1653,1
DA:1654,1
DA:1655,1
DA:1656,1
DA:1657,1
DA:1658,1
DA:1659,1
DA:1662,1
DA:1663,1
DA:1664,1
DA:1665,1
DA:1666,1
DA:1667,1
DA:1668,1
DA:1669,1
DA:1671,1
DA:1672,1
DA:1675,1
DA:1676,1
DA:1677,1
DA:1678,1
DA:1679,1
DA:1680,1
DA:1681,1
DA:1682,1
DA:1683,1
DA:1684,1
DA:1685,1
DA:1686,1
DA:1687,1
DA:1690,1
DA:1691,1
DA:1692,1
DA:1693,1
DA:1694,1
DA:1695,1
DA:1696,1
DA:1697,1
DA:1698,1
DA:1700,1
DA:1701,1
DA:1704,1
DA:1705,1
DA:1706,1
DA:1707,1
DA:1708,1
DA:1709,1
DA:1710,1
DA:1711,1
DA:1712,1
DA:1713,1
DA:1714,1
DA:1715,1
DA:1716,1
DA:1719,1
DA:1720,1
DA:1721,1
DA:1722,1
DA:1723,1
DA:1724,1
DA:1725,1
DA:1726,1
DA:1728,1
DA:1729,1
DA:1732,1
DA:1733,1
DA:1734,1
DA:1735,1
DA:1736,1
DA:1737,1
DA:1738,1
DA:1739,1
DA:1740,1
DA:1741,1
DA:1742,1
DA:1743,1
DA:1744,1
DA:1745,1
DA:1746,1
DA:1747,1
DA:1748,1
DA:1749,1
DA:1750,1
DA:1751,1
DA:1752,1
DA:1753,1
DA:1754,1
DA:1755,1
DA:1756,1
DA:1757,1
DA:1758,1
DA:1759,1
DA:1760,1
DA:1761,1
DA:1762,1
DA:1763,1
DA:1764,1
DA:1765,1
DA:1766,1
DA:1767,1
DA:1768,1
DA:1770,1
DA:1771,1
DA:1772,1
DA:1775,1
DA:1776,1
DA:1777,1
DA:1778,1
DA:1779,1
DA:1780,1
DA:1781,1
DA:1782,1
DA:1783,1
DA:1784,1
DA:1785,1
DA:1786,1
DA:1787,1
DA:1788,1
DA:1789,1
DA:1790,1
DA:1791,1
DA:1792,1
DA:1793,1
DA:1794,1
DA:1795,1
DA:1796,1
DA:1797,1
DA:1798,1
DA:1799,1
DA:1800,1
DA:1801,1
DA:1802,1
DA:1803,1
DA:1804,1
DA:1805,1
DA:1806,1
DA:1807,1
DA:1808,1
DA:1809,1
DA:1811,1
DA:1812,1
DA:1813,1
DA:1816,1
DA:1817,1
DA:1818,1
DA:1819,1
DA:1820,1
DA:1821,1
DA:1822,1
DA:1823,1
DA:1824,1
DA:1825,1
DA:1826,1
DA:1827,1
DA:1828,1
DA:1829,1
DA:1830,1
DA:1831,1
DA:1832,1
DA:1834,1
DA:1835,1
DA:1836,1
DA:1837,1
DA:1840,1
DA:1841,1
DA:1842,1
DA:1843,1
DA:1844,1
DA:1845,1
DA:1846,1
DA:1847,1
DA:1848,1
DA:1849,1
DA:1850,1
DA:1851,1
DA:1852,1
DA:1853,1
DA:1854,1
DA:1855,1
DA:1856,1
DA:1857,1
DA:1858,1
DA:1859,1
DA:1860,1
DA:1861,1
DA:1862,1
DA:1863,1
DA:1864,1
DA:1865,1
DA:1866,1
DA:1867,1
DA:1868,1
DA:1869,1
DA:1870,1
DA:1871,1
DA:1872,1
DA:1873,1
DA:1874,1
DA:1875,1
DA:1876,1
DA:1877,1
DA:1879,1
DA:1880,1
DA:1881,1
DA:1882,1
DA:1885,1
DA:1886,1
DA:1887,1
DA:1888,1
DA:1889,1
DA:1890,1
DA:1891,1
DA:1892,1
DA:1893,1
DA:1894,1
DA:1895,1
DA:1896,1
DA:1897,1
DA:1898,1
DA:1899,1
DA:1900,1
DA:1901,1
DA:1902,1
DA:1903,1
DA:1904,1
DA:1905,1
DA:1906,1
DA:1907,1
DA:1908,1
DA:1909,1
DA:1910,1
DA:1911,1
DA:1912,1
DA:1914,1
DA:1915,1
DA:1916,1
DA:1919,1
DA:1920,1
DA:1921,1
DA:1922,1
DA:1923,1
DA:1924,1
DA:1925,1
DA:1926,1
DA:1927,1
DA:1928,1
DA:1929,1
DA:1930,1
DA:1931,1
DA:1932,1
DA:1933,1
DA:1934,1
DA:1935,1
DA:1937,1
DA:1938,1
DA:1940,1
DA:1941,1
DA:1942,1
DA:1943,1
DA:1944,1
DA:1945,1
DA:1946,1
DA:1947,1
DA:1948,1
DA:1949,1
DA:1950,1
DA:1951,1
DA:1952,1
DA:1953,1
DA:1954,1
DA:1955,1
DA:1956,1
DA:1957,1
DA:1958,1
DA:1960,1
DA:1961,1
DA:1962,1
DA:1963,1
DA:1964,1
DA:1967,1
DA:1968,1
DA:1969,1
DA:1970,1
DA:1971,1
DA:1972,1
DA:1973,1
DA:1974,1
DA:1975,1
DA:1976,1
DA:1977,1
DA:1978,1
DA:1979,1
DA:1980,1
DA:1981,1
DA:1982,1
DA:1983,1
DA:1984,1
DA:1985,1
DA:1986,1
DA:1987,1
DA:1988,1
DA:1989,1
DA:1990,1
DA:1991,1
DA:1992,1
DA:1993,1
DA:1994,1
DA:1995,1
DA:1996,1
DA:1997,1
DA:1998,1
DA:1999,1
DA:2000,1
DA:2002,1
DA:2003,1
DA:2004,1
DA:2005,1
DA:2006,1
DA:2007,1
DA:2008,1
DA:2009,1
DA:2010,1
DA:2011,1
DA:2012,1
DA:2013,1
DA:2014,1
DA:2015,1
DA:2016,1
DA:2017,1
DA:2018,1
DA:2019,1
DA:2020,1
DA:2023,1
DA:2024,1
DA:2025,1
DA:2026,1
DA:2027,1
DA:2028,1
DA:2029,1
DA:2030,1
DA:2031,1
DA:2032,1
DA:2033,1
DA:2034,1
DA:2035,1
DA:2036,1
DA:2037,1
DA:2038,1
DA:2040,1
DA:2041,1
DA:2042,1
DA:2043,1
DA:2044,1
DA:2045,1
DA:2046,1
DA:2049,1
DA:2051,1
DA:2053,1
DA:2054,1
BRF:0
BRH:0
LF:1570
LH:1564
end_of_record
SF:/Users/jong/playwright-ast-coverage/.codex/worktrees/gemini-2/crates/playwright-ast-coverage/src/matcher.rs
FN:38,_RINvNtCsjIJlTy97b1i_23playwright_ast_coverage7matcher16matches_segmentsNtNtCs1OjIl8oxbrv_5alloc6string6StringEB4_
FN:38,_RINvNtCsjIJlTy97b1i_23playwright_ast_coverage7matcher16matches_segmentsReEB4_
FN:43,_RNCINvNtCsjIJlTy97b1i_23playwright_ast_coverage7matcher16matches_segmentsNtNtCs1OjIl8oxbrv_5alloc6string6StringE0B6_
FN:48,_RNCINvNtCsjIJlTy97b1i_23playwright_ast_coverage7matcher16matches_segmentsNtNtCs1OjIl8oxbrv_5alloc6string6StringEs_0B6_
FN:43,_RNCINvNtCsjIJlTy97b1i_23playwright_ast_coverage7matcher16matches_segmentsReE0B6_
FN:48,_RNCINvNtCsjIJlTy97b1i_23playwright_ast_coverage7matcher16matches_segmentsReEs_0B6_
FN:70,_RNvNtCsjIJlTy97b1i_23playwright_ast_coverage7matcher15segment_matches
FN:34,_RNvNtCsjIJlTy97b1i_23playwright_ast_coverage7matcher16pattern_segments
FN:16,_RNvNtCsjIJlTy97b1i_23playwright_ast_coverage7matcher18reference_segments
FN:10,_RNvNtCsjIJlTy97b1i_23playwright_ast_coverage7matcher7matches
FN:62,_RNvNtCsjIJlTy97b1i_23playwright_ast_coverage7matcher8segments
FN:38,_RINvNtCs41bbaSek44P_23playwright_ast_coverage7matcher16matches_segmentsNtNtCs1OjIl8oxbrv_5alloc6string6StringEB4_
FN:38,_RINvNtCs41bbaSek44P_23playwright_ast_coverage7matcher16matches_segmentsReEB4_
FN:43,_RNCINvNtCs41bbaSek44P_23playwright_ast_coverage7matcher16matches_segmentsNtNtCs1OjIl8oxbrv_5alloc6string6StringE0B6_
FN:48,_RNCINvNtCs41bbaSek44P_23playwright_ast_coverage7matcher16matches_segmentsNtNtCs1OjIl8oxbrv_5alloc6string6StringEs_0B6_
FN:43,_RNCINvNtCs41bbaSek44P_23playwright_ast_coverage7matcher16matches_segmentsReE0B6_
FN:48,_RNCINvNtCs41bbaSek44P_23playwright_ast_coverage7matcher16matches_segmentsReEs_0B6_
FN:85,_RNvNtNtCs41bbaSek44P_23playwright_ast_coverage7matcher5testss_11exact_match
FN:90,_RNvNtNtCs41bbaSek44P_23playwright_ast_coverage7matcher5testss_11param_match
FN:122,_RNvNtNtCs41bbaSek44P_23playwright_ast_coverage7matcher5testss_14query_stripped
FN:95,_RNvNtNtCs41bbaSek44P_23playwright_ast_coverage7matcher5testss_14wildcard_match
FN:107,_RNvNtNtCs41bbaSek44P_23playwright_ast_coverage7matcher5testss_15length_mismatch
FN:117,_RNvNtNtCs41bbaSek44P_23playwright_ast_coverage7matcher5testss_16literal_mismatch
FN:127,_RNvNtNtCs41bbaSek44P_23playwright_ast_coverage7matcher5testss_17fragment_stripped
FN:137,_RNvNtNtCs41bbaSek44P_23playwright_ast_coverage7matcher5testss_20root_slash_preserved
FN:132,_RNvNtNtCs41bbaSek44P_23playwright_ast_coverage7matcher5testss_23trailing_slash_stripped
FN:112,_RNvNtNtCs41bbaSek44P_23playwright_ast_coverage7matcher5testss_38dynamic_segments_reject_empty_segments
FN:100,_RNvNtNtCs41bbaSek44P_23playwright_ast_coverage7matcher5testss_57catch_all_and_optional_catch_all_match_remaining_segments
FN:70,_RNvNtCs41bbaSek44P_23playwright_ast_coverage7matcher15segment_matches
FN:34,_RNvNtCs41bbaSek44P_23playwright_ast_coverage7matcher16pattern_segments
FN:16,_RNvNtCs41bbaSek44P_23playwright_ast_coverage7matcher18reference_segments
FN:10,_RNvNtCs41bbaSek44P_23playwright_ast_coverage7matcher7matches
FN:62,_RNvNtCs41bbaSek44P_23playwright_ast_coverage7matcher8segments
FNDA:179,_RINvNtCsjIJlTy97b1i_23playwright_ast_coverage7matcher16matches_segmentsNtNtCs1OjIl8oxbrv_5alloc6string6StringEB4_
FNDA:0,_RINvNtCsjIJlTy97b1i_23playwright_ast_coverage7matcher16matches_segmentsReEB4_
FNDA:2,_RNCINvNtCsjIJlTy97b1i_23playwright_ast_coverage7matcher16matches_segmentsNtNtCs1OjIl8oxbrv_5alloc6string6StringE0B6_
FNDA:3,_RNCINvNtCsjIJlTy97b1i_23playwright_ast_coverage7matcher16matches_segmentsNtNtCs1OjIl8oxbrv_5alloc6string6StringEs_0B6_
FNDA:0,_RNCINvNtCsjIJlTy97b1i_23playwright_ast_coverage7matcher16matches_segmentsReE0B6_
FNDA:0,_RNCINvNtCsjIJlTy97b1i_23playwright_ast_coverage7matcher16matches_segmentsReEs_0B6_
FNDA:288,_RNvNtCsjIJlTy97b1i_23playwright_ast_coverage7matcher15segment_matches
FNDA:102,_RNvNtCsjIJlTy97b1i_23playwright_ast_coverage7matcher16pattern_segments
FNDA:93,_RNvNtCsjIJlTy97b1i_23playwright_ast_coverage7matcher18reference_segments
FNDA:0,_RNvNtCsjIJlTy97b1i_23playwright_ast_coverage7matcher7matches
FNDA:195,_RNvNtCsjIJlTy97b1i_23playwright_ast_coverage7matcher8segments
FNDA:3,_RINvNtCs41bbaSek44P_23playwright_ast_coverage7matcher16matches_segmentsNtNtCs1OjIl8oxbrv_5alloc6string6StringEB4_
FNDA:15,_RINvNtCs41bbaSek44P_23playwright_ast_coverage7matcher16matches_segmentsReEB4_
FNDA:0,_RNCINvNtCs41bbaSek44P_23playwright_ast_coverage7matcher16matches_segmentsNtNtCs1OjIl8oxbrv_5alloc6string6StringE0B6_
FNDA:0,_RNCINvNtCs41bbaSek44P_23playwright_ast_coverage7matcher16matches_segmentsNtNtCs1OjIl8oxbrv_5alloc6string6StringEs_0B6_
FNDA:2,_RNCINvNtCs41bbaSek44P_23playwright_ast_coverage7matcher16matches_segmentsReE0B6_
FNDA:3,_RNCINvNtCs41bbaSek44P_23playwright_ast_coverage7matcher16matches_segmentsReEs_0B6_
FNDA:1,_RNvNtNtCs41bbaSek44P_23playwright_ast_coverage7matcher5testss_11exact_match
FNDA:1,_RNvNtNtCs41bbaSek44P_23playwright_ast_coverage7matcher5testss_11param_match
FNDA:1,_RNvNtNtCs41bbaSek44P_23playwright_ast_coverage7matcher5testss_14query_stripped
FNDA:1,_RNvNtNtCs41bbaSek44P_23playwright_ast_coverage7matcher5testss_14wildcard_match
FNDA:1,_RNvNtNtCs41bbaSek44P_23playwright_ast_coverage7matcher5testss_15length_mismatch
FNDA:1,_RNvNtNtCs41bbaSek44P_23playwright_ast_coverage7matcher5testss_16literal_mismatch
FNDA:1,_RNvNtNtCs41bbaSek44P_23playwright_ast_coverage7matcher5testss_17fragment_stripped
FNDA:1,_RNvNtNtCs41bbaSek44P_23playwright_ast_coverage7matcher5testss_20root_slash_preserved
FNDA:1,_RNvNtNtCs41bbaSek44P_23playwright_ast_coverage7matcher5testss_23trailing_slash_stripped
FNDA:1,_RNvNtNtCs41bbaSek44P_23playwright_ast_coverage7matcher5testss_38dynamic_segments_reject_empty_segments
FNDA:1,_RNvNtNtCs41bbaSek44P_23playwright_ast_coverage7matcher5testss_57catch_all_and_optional_catch_all_match_remaining_segments
FNDA:33,_RNvNtCs41bbaSek44P_23playwright_ast_coverage7matcher15segment_matches
FNDA:22,_RNvNtCs41bbaSek44P_23playwright_ast_coverage7matcher16pattern_segments
FNDA:17,_RNvNtCs41bbaSek44P_23playwright_ast_coverage7matcher18reference_segments
FNDA:15,_RNvNtCs41bbaSek44P_23playwright_ast_coverage7matcher7matches
FNDA:39,_RNvNtCs41bbaSek44P_23playwright_ast_coverage7matcher8segments
FNF:19
FNH:19
DA:10,15
DA:11,15
DA:12,15
DA:13,15
DA:14,15
DA:16,110
DA:17,110
DA:18,110
DA:19,110
DA:20,110
DA:21,110
DA:22,110
DA:23,110
DA:25,110
DA:26,2
DA:28,108
DA:31,110
DA:32,110
DA:34,124
DA:35,124
DA:36,124
DA:38,197
DA:39,355
DA:40,355
DA:41,355
DA:42,355
DA:43,5
DA:44,350
DA:46,350
DA:47,4
DA:48,6
DA:49,346
DA:51,346
DA:52,25
DA:54,321
DA:55,19
DA:56,302
DA:59,144
DA:60,197
DA:62,234
DA:63,234
DA:64,52
DA:66,182
DA:68,234
DA:70,321
DA:71,321
DA:72,2
DA:73,319
DA:74,319
DA:75,108
DA:76,211
DA:77,211
DA:78,321
DA:85,1
DA:86,1
DA:87,1
DA:90,1
DA:91,1
DA:92,1
DA:95,1
DA:96,1
DA:97,1
DA:100,1
DA:101,1
DA:102,1
DA:103,1
DA:104,1
DA:107,1
DA:108,1
DA:109,1
DA:112,1
DA:113,1
DA:114,1
DA:117,1
DA:118,1
DA:119,1
DA:122,1
DA:123,1
DA:124,1
DA:127,1
DA:128,1
DA:129,1
DA:132,1
DA:133,1
DA:134,1
DA:137,1
DA:138,1
DA:139,1
BRF:0
BRH:0
LF:90
LH:90
end_of_record
SF:/Users/jong/playwright-ast-coverage/.codex/worktrees/gemini-2/crates/playwright-ast-coverage/src/playwright_config.rs
FN:242,_RNCNvNtCsjIJlTy97b1i_23playwright_ast_coverage17playwright_config13merge_project0B5_
FN:246,_RNCNvNtCsjIJlTy97b1i_23playwright_ast_coverage17playwright_config13merge_projects0_0B5_
FN:249,_RNCNvNtCsjIJlTy97b1i_23playwright_ast_coverage17playwright_config13merge_projects1_0B5_
FN:252,_RNCNvNtCsjIJlTy97b1i_23playwright_ast_coverage17playwright_config13merge_projects2_0B5_
FN:253,_RNCNvNtCsjIJlTy97b1i_23playwright_ast_coverage17playwright_config13merge_projects3_0B5_
FN:243,_RNCNvNtCsjIJlTy97b1i_23playwright_ast_coverage17playwright_config13merge_projects_0B5_
FN:262,_RNCNvNtCsjIJlTy97b1i_23playwright_ast_coverage17playwright_config13parse_options0B5_
FN:270,_RNCNvNtCsjIJlTy97b1i_23playwright_ast_coverage17playwright_config13parse_optionss0_0B5_
FN:273,_RNCNvNtCsjIJlTy97b1i_23playwright_ast_coverage17playwright_config13parse_optionss1_0B5_
FN:276,_RNCNvNtCsjIJlTy97b1i_23playwright_ast_coverage17playwright_config13parse_optionss2_0B5_
FN:279,_RNCNvNtCsjIJlTy97b1i_23playwright_ast_coverage17playwright_config13parse_optionss3_0B5_
FN:280,_RNCNvNtCsjIJlTy97b1i_23playwright_ast_coverage17playwright_config13parse_optionss4_0B5_
FN:281,_RNCNvNtCsjIJlTy97b1i_23playwright_ast_coverage17playwright_config13parse_optionss5_0B5_
FN:283,_RNCNvNtCsjIJlTy97b1i_23playwright_ast_coverage17playwright_config13parse_optionss6_0B5_
FN:284,_RNCNvNtCsjIJlTy97b1i_23playwright_ast_coverage17playwright_config13parse_optionss7_0B5_
FN:285,_RNCNvNtCsjIJlTy97b1i_23playwright_ast_coverage17playwright_config13parse_optionss8_0B5_
FN:268,_RNCNvNtCsjIJlTy97b1i_23playwright_ast_coverage17playwright_config13parse_optionss_0B5_
FN:162,_RNCNvNtCsjIJlTy97b1i_23playwright_ast_coverage17playwright_config15parse_from_path0B5_
FN:498,_RNCNvNtCsjIJlTy97b1i_23playwright_ast_coverage17playwright_config15required_string0B5_
FN:298,_RNCNvNtCsjIJlTy97b1i_23playwright_ast_coverage17playwright_config18default_test_match0B5_
FN:349,_RNCNvNtCsjIJlTy97b1i_23playwright_ast_coverage17playwright_config20export_config_object0B5_
FN:378,_RNCNvNtCsjIJlTy97b1i_23playwright_ast_coverage17playwright_config22commonjs_config_object0B5_
FN:427,_RNCNvNtCsjIJlTy97b1i_23playwright_ast_coverage17playwright_config24expression_config_object0B5_
FN:445,_RNCNvNtCsjIJlTy97b1i_23playwright_ast_coverage17playwright_config24identifier_config_object0B5_
FN:92,_RNCNvNtCsjIJlTy97b1i_23playwright_ast_coverage17playwright_config9load_many0B5_
FN:101,_RNCNvNtCsjIJlTy97b1i_23playwright_ast_coverage17playwright_config9load_manys_0B5_
FN:118,_RNvMs_NtCsjIJlTy97b1i_23playwright_ast_coverage17playwright_configNtB4_11TestProject8test_dir
FN:537,_RNvNtCsjIJlTy97b1i_23playwright_ast_coverage17playwright_config12string_array
FN:231,_RNvNtCsjIJlTy97b1i_23playwright_ast_coverage17playwright_config13merge_project
FN:257,_RNvNtCsjIJlTy97b1i_23playwright_ast_coverage17playwright_config13parse_options
FN:167,_RNvNtCsjIJlTy97b1i_23playwright_ast_coverage17playwright_config13parse_program
FN:142,_RNvNtCsjIJlTy97b1i_23playwright_ast_coverage17playwright_config14default_config
FN:501,_RNvNtCsjIJlTy97b1i_23playwright_ast_coverage17playwright_config15optional_string
FN:161,_RNvNtCsjIJlTy97b1i_23playwright_ast_coverage17playwright_config15parse_from_path
FN:476,_RNvNtCsjIJlTy97b1i_23playwright_ast_coverage17playwright_config15project_objects
FN:496,_RNvNtCsjIJlTy97b1i_23playwright_ast_coverage17playwright_config15required_string
FN:468,_RNvNtCsjIJlTy97b1i_23playwright_ast_coverage17playwright_config17property_key_name
FN:295,_RNvNtCsjIJlTy97b1i_23playwright_ast_coverage17playwright_config18default_test_match
FN:450,_RNvNtCsjIJlTy97b1i_23playwright_ast_coverage17playwright_config19property_expression
FN:487,_RNvNtCsjIJlTy97b1i_23playwright_ast_coverage17playwright_config20array_element_object
FN:342,_RNvNtCsjIJlTy97b1i_23playwright_ast_coverage17playwright_config20export_config_object
FN:302,_RNvNtCsjIJlTy97b1i_23playwright_ast_coverage17playwright_config21default_export_object
FN:204,_RNvNtCsjIJlTy97b1i_23playwright_ast_coverage17playwright_config21validate_config_names
FN:397,_RNvNtCsjIJlTy97b1i_23playwright_ast_coverage17playwright_config22argument_config_object
FN:386,_RNvNtCsjIJlTy97b1i_23playwright_ast_coverage17playwright_config22assignment_target_path
FN:366,_RNvNtCsjIJlTy97b1i_23playwright_ast_coverage17playwright_config22commonjs_config_object
FN:335,_RNvNtCsjIJlTy97b1i_23playwright_ast_coverage17playwright_config23binding_identifier_name
FN:414,_RNvNtCsjIJlTy97b1i_23playwright_ast_coverage17playwright_config24expression_config_object
FN:435,_RNvNtCsjIJlTy97b1i_23playwright_ast_coverage17playwright_config24identifier_config_object
FN:528,_RNvNtCsjIJlTy97b1i_23playwright_ast_coverage17playwright_config24parenthesized_expression
FN:514,_RNvNtCsjIJlTy97b1i_23playwright_ast_coverage17playwright_config24required_string_or_array
FN:113,_RNvNtCsjIJlTy97b1i_23playwright_ast_coverage17playwright_config25missing_config_name_error
FN:317,_RNvNtCsjIJlTy97b1i_23playwright_ast_coverage17playwright_config25top_level_object_bindings
FN:130,_RNvNtCsjIJlTy97b1i_23playwright_ast_coverage17playwright_config4load
FN:289,_RNvNtCsjIJlTy97b1i_23playwright_ast_coverage17playwright_config7combine
FN:69,_RNvNtCsjIJlTy97b1i_23playwright_ast_coverage17playwright_config9load_many
FN:61,_RNCNvMNtCs41bbaSek44P_23playwright_ast_coverage17playwright_configNtB4_16PlaywrightConfig18test_id_attributes0B6_
FN:242,_RNCNvNtCs41bbaSek44P_23playwright_ast_coverage17playwright_config13merge_project0B5_
FN:246,_RNCNvNtCs41bbaSek44P_23playwright_ast_coverage17playwright_config13merge_projects0_0B5_
FN:249,_RNCNvNtCs41bbaSek44P_23playwright_ast_coverage17playwright_config13merge_projects1_0B5_
FN:252,_RNCNvNtCs41bbaSek44P_23playwright_ast_coverage17playwright_config13merge_projects2_0B5_
FN:253,_RNCNvNtCs41bbaSek44P_23playwright_ast_coverage17playwright_config13merge_projects3_0B5_
FN:243,_RNCNvNtCs41bbaSek44P_23playwright_ast_coverage17playwright_config13merge_projects_0B5_
FN:262,_RNCNvNtCs41bbaSek44P_23playwright_ast_coverage17playwright_config13parse_options0B5_
FN:270,_RNCNvNtCs41bbaSek44P_23playwright_ast_coverage17playwright_config13parse_optionss0_0B5_
FN:273,_RNCNvNtCs41bbaSek44P_23playwright_ast_coverage17playwright_config13parse_optionss1_0B5_
FN:276,_RNCNvNtCs41bbaSek44P_23playwright_ast_coverage17playwright_config13parse_optionss2_0B5_
FN:279,_RNCNvNtCs41bbaSek44P_23playwright_ast_coverage17playwright_config13parse_optionss3_0B5_
FN:280,_RNCNvNtCs41bbaSek44P_23playwright_ast_coverage17playwright_config13parse_optionss4_0B5_
FN:281,_RNCNvNtCs41bbaSek44P_23playwright_ast_coverage17playwright_config13parse_optionss5_0B5_
FN:283,_RNCNvNtCs41bbaSek44P_23playwright_ast_coverage17playwright_config13parse_optionss6_0B5_
FN:284,_RNCNvNtCs41bbaSek44P_23playwright_ast_coverage17playwright_config13parse_optionss7_0B5_
FN:285,_RNCNvNtCs41bbaSek44P_23playwright_ast_coverage17playwright_config13parse_optionss8_0B5_
FN:268,_RNCNvNtCs41bbaSek44P_23playwright_ast_coverage17playwright_config13parse_optionss_0B5_
FN:162,_RNCNvNtCs41bbaSek44P_23playwright_ast_coverage17playwright_config15parse_from_path0B5_
FN:498,_RNCNvNtCs41bbaSek44P_23playwright_ast_coverage17playwright_config15required_string0B5_
FN:298,_RNCNvNtCs41bbaSek44P_23playwright_ast_coverage17playwright_config18default_test_match0B5_
FN:349,_RNCNvNtCs41bbaSek44P_23playwright_ast_coverage17playwright_config20export_config_object0B5_
FN:378,_RNCNvNtCs41bbaSek44P_23playwright_ast_coverage17playwright_config22commonjs_config_object0B5_
FN:427,_RNCNvNtCs41bbaSek44P_23playwright_ast_coverage17playwright_config24expression_config_object0B5_
FN:445,_RNCNvNtCs41bbaSek44P_23playwright_ast_coverage17playwright_config24identifier_config_object0B5_
FN:92,_RNCNvNtCs41bbaSek44P_23playwright_ast_coverage17playwright_config9load_many0B5_
FN:101,_RNCNvNtCs41bbaSek44P_23playwright_ast_coverage17playwright_config9load_manys_0B5_
FN:566,_RNvNtNtCs41bbaSek44P_23playwright_ast_coverage17playwright_config5testss_25parses_test_dir_and_match
FN:730,_RNvNtNtCs41bbaSek44P_23playwright_ast_coverage17playwright_config5testss_26load_missing_config_errors
FN:849,_RNvNtNtCs41bbaSek44P_23playwright_ast_coverage17playwright_config5testss_30parser_handles_ast_edge_shapes
FN:626,_RNvNtNtCs41bbaSek44P_23playwright_ast_coverage17playwright_config5testss_30parses_commonjs_config_exports
FN:605,_RNvNtNtCs41bbaSek44P_23playwright_ast_coverage17playwright_config5testss_32parses_default_export_identifier
FN:575,_RNvNtNtCs41bbaSek44P_23playwright_ast_coverage17playwright_config5testss_32parses_projects_with_inheritance
FN:681,_RNvNtNtCs41bbaSek44P_23playwright_ast_coverage17playwright_config5testss_33template_literals_use_cooked_text
FN:841,_RNvNtNtCs41bbaSek44P_23playwright_ast_coverage17playwright_config5testss_34root_options_ignore_project_values
FN:748,_RNvNtNtCs41bbaSek44P_23playwright_ast_coverage17playwright_config5testss_37load_existing_config_reads_and_parses
FN:689,_RNvNtNtCs41bbaSek44P_23playwright_ast_coverage17playwright_config5testss_37parser_handles_advanced_export_shapes
FN:662,_RNvNtNtCs41bbaSek44P_23playwright_ast_coverage17playwright_config5testss_37resolves_identifier_backed_use_object
FN:713,_RNvNtNtCs41bbaSek44P_23playwright_ast_coverage17playwright_config5testss_40load_without_config_uses_default_project
FN:618,_RNvNtNtCs41bbaSek44P_23playwright_ast_coverage17playwright_config5testss_40parses_define_config_identifier_argument
FN:814,_RNvNtNtCs41bbaSek44P_23playwright_ast_coverage17playwright_config5testss_42parser_rejects_unsupported_required_values
FN:593,_RNvNtNtCs41bbaSek44P_23playwright_ast_coverage17playwright_config5testss_43parses_top_level_base_url_and_string_ignore
FN:756,_RNvNtNtCs41bbaSek44P_23playwright_ast_coverage17playwright_config5testss_45load_directory_config_path_returns_read_error
FN:704,_RNvNtNtCs41bbaSek44P_23playwright_ast_coverage17playwright_config5testss_46ignores_non_literal_optional_playwright_values
FN:722,_RNvNtNtCs41bbaSek44P_23playwright_ast_coverage17playwright_config5testss_48load_many_without_configs_rejects_project_filter
FN:807,_RNvNtNtCs41bbaSek44P_23playwright_ast_coverage17playwright_config5testss_48parse_accepts_spaced_property_and_escaped_string
FN:674,_RNvNtNtCs41bbaSek44P_23playwright_ast_coverage17playwright_config5testss_53cyclic_identifier_configs_fall_back_without_recursing
FN:831,_RNvNtNtCs41bbaSek44P_23playwright_ast_coverage17playwright_config5testss_53malformed_projects_value_falls_back_to_single_project
FN:738,_RNvNtNtCs41bbaSek44P_23playwright_ast_coverage17playwright_config5testss_54load_many_errors_when_project_filter_matches_no_config
FN:765,_RNvNtNtCs41bbaSek44P_23playwright_ast_coverage17playwright_config5testss_59test_dir_resolves_absolute_relative_and_relative_config_dir
FN:57,_RNvMNtCs41bbaSek44P_23playwright_ast_coverage17playwright_configNtB2_16PlaywrightConfig18test_id_attributes
FN:118,_RNvMs_NtCs41bbaSek44P_23playwright_ast_coverage17playwright_configNtB4_11TestProject8test_dir
FN:537,_RNvNtCs41bbaSek44P_23playwright_ast_coverage17playwright_config12string_array
FN:231,_RNvNtCs41bbaSek44P_23playwright_ast_coverage17playwright_config13merge_project
FN:257,_RNvNtCs41bbaSek44P_23playwright_ast_coverage17playwright_config13parse_options
FN:167,_RNvNtCs41bbaSek44P_23playwright_ast_coverage17playwright_config13parse_program
FN:142,_RNvNtCs41bbaSek44P_23playwright_ast_coverage17playwright_config14default_config
FN:501,_RNvNtCs41bbaSek44P_23playwright_ast_coverage17playwright_config15optional_string
FN:161,_RNvNtCs41bbaSek44P_23playwright_ast_coverage17playwright_config15parse_from_path
FN:476,_RNvNtCs41bbaSek44P_23playwright_ast_coverage17playwright_config15project_objects
FN:496,_RNvNtCs41bbaSek44P_23playwright_ast_coverage17playwright_config15required_string
FN:468,_RNvNtCs41bbaSek44P_23playwright_ast_coverage17playwright_config17property_key_name
FN:295,_RNvNtCs41bbaSek44P_23playwright_ast_coverage17playwright_config18default_test_match
FN:450,_RNvNtCs41bbaSek44P_23playwright_ast_coverage17playwright_config19property_expression
FN:487,_RNvNtCs41bbaSek44P_23playwright_ast_coverage17playwright_config20array_element_object
FN:342,_RNvNtCs41bbaSek44P_23playwright_ast_coverage17playwright_config20export_config_object
FN:302,_RNvNtCs41bbaSek44P_23playwright_ast_coverage17playwright_config21default_export_object
FN:204,_RNvNtCs41bbaSek44P_23playwright_ast_coverage17playwright_config21validate_config_names
FN:397,_RNvNtCs41bbaSek44P_23playwright_ast_coverage17playwright_config22argument_config_object
FN:386,_RNvNtCs41bbaSek44P_23playwright_ast_coverage17playwright_config22assignment_target_path
FN:366,_RNvNtCs41bbaSek44P_23playwright_ast_coverage17playwright_config22commonjs_config_object
FN:335,_RNvNtCs41bbaSek44P_23playwright_ast_coverage17playwright_config23binding_identifier_name
FN:414,_RNvNtCs41bbaSek44P_23playwright_ast_coverage17playwright_config24expression_config_object
FN:435,_RNvNtCs41bbaSek44P_23playwright_ast_coverage17playwright_config24identifier_config_object
FN:528,_RNvNtCs41bbaSek44P_23playwright_ast_coverage17playwright_config24parenthesized_expression
FN:514,_RNvNtCs41bbaSek44P_23playwright_ast_coverage17playwright_config24required_string_or_array
FN:113,_RNvNtCs41bbaSek44P_23playwright_ast_coverage17playwright_config25missing_config_name_error
FN:317,_RNvNtCs41bbaSek44P_23playwright_ast_coverage17playwright_config25top_level_object_bindings
FN:130,_RNvNtCs41bbaSek44P_23playwright_ast_coverage17playwright_config4load
FN:157,_RNvNtCs41bbaSek44P_23playwright_ast_coverage17playwright_config5parse
FN:289,_RNvNtCs41bbaSek44P_23playwright_ast_coverage17playwright_config7combine
FN:69,_RNvNtCs41bbaSek44P_23playwright_ast_coverage17playwright_config9load_many
FNDA:23,_RNCNvNtCsjIJlTy97b1i_23playwright_ast_coverage17playwright_config13merge_project0B5_
FNDA:22,_RNCNvNtCsjIJlTy97b1i_23playwright_ast_coverage17playwright_config13merge_projects0_0B5_
FNDA:24,_RNCNvNtCsjIJlTy97b1i_23playwright_ast_coverage17playwright_config13merge_projects1_0B5_
FNDA:24,_RNCNvNtCsjIJlTy97b1i_23playwright_ast_coverage17playwright_config13merge_projects2_0B5_
FNDA:12,_RNCNvNtCsjIJlTy97b1i_23playwright_ast_coverage17playwright_config13merge_projects3_0B5_
FNDA:2,_RNCNvNtCsjIJlTy97b1i_23playwright_ast_coverage17playwright_config13merge_projects_0B5_
FNDA:17,_RNCNvNtCsjIJlTy97b1i_23playwright_ast_coverage17playwright_config13parse_options0B5_
FNDA:25,_RNCNvNtCsjIJlTy97b1i_23playwright_ast_coverage17playwright_config13parse_optionss0_0B5_
FNDA:9,_RNCNvNtCsjIJlTy97b1i_23playwright_ast_coverage17playwright_config13parse_optionss1_0B5_
FNDA:0,_RNCNvNtCsjIJlTy97b1i_23playwright_ast_coverage17playwright_config13parse_optionss2_0B5_
FNDA:17,_RNCNvNtCsjIJlTy97b1i_23playwright_ast_coverage17playwright_config13parse_optionss3_0B5_
FNDA:25,_RNCNvNtCsjIJlTy97b1i_23playwright_ast_coverage17playwright_config13parse_optionss4_0B5_
FNDA:15,_RNCNvNtCsjIJlTy97b1i_23playwright_ast_coverage17playwright_config13parse_optionss5_0B5_
FNDA:17,_RNCNvNtCsjIJlTy97b1i_23playwright_ast_coverage17playwright_config13parse_optionss6_0B5_
FNDA:26,_RNCNvNtCsjIJlTy97b1i_23playwright_ast_coverage17playwright_config13parse_optionss7_0B5_
FNDA:14,_RNCNvNtCsjIJlTy97b1i_23playwright_ast_coverage17playwright_config13parse_optionss8_0B5_
FNDA:26,_RNCNvNtCsjIJlTy97b1i_23playwright_ast_coverage17playwright_config13parse_optionss_0B5_
FNDA:27,_RNCNvNtCsjIJlTy97b1i_23playwright_ast_coverage17playwright_config15parse_from_path0B5_
FNDA:1,_RNCNvNtCsjIJlTy97b1i_23playwright_ast_coverage17playwright_config15required_string0B5_
FNDA:832,_RNCNvNtCsjIJlTy97b1i_23playwright_ast_coverage17playwright_config18default_test_match0B5_
FNDA:1,_RNCNvNtCsjIJlTy97b1i_23playwright_ast_coverage17playwright_config20export_config_object0B5_
FNDA:0,_RNCNvNtCsjIJlTy97b1i_23playwright_ast_coverage17playwright_config22commonjs_config_object0B5_
FNDA:0,_RNCNvNtCsjIJlTy97b1i_23playwright_ast_coverage17playwright_config24expression_config_object0B5_
FNDA:0,_RNCNvNtCsjIJlTy97b1i_23playwright_ast_coverage17playwright_config24identifier_config_object0B5_
FNDA:4,_RNCNvNtCsjIJlTy97b1i_23playwright_ast_coverage17playwright_config9load_many0B5_
FNDA:2,_RNCNvNtCsjIJlTy97b1i_23playwright_ast_coverage17playwright_config9load_manys_0B5_
FNDA:52,_RNvMs_NtCsjIJlTy97b1i_23playwright_ast_coverage17playwright_configNtB4_11TestProject8test_dir
FNDA:1,_RNvNtCsjIJlTy97b1i_23playwright_ast_coverage17playwright_config12string_array
FNDA:26,_RNvNtCsjIJlTy97b1i_23playwright_ast_coverage17playwright_config13merge_project
FNDA:42,_RNvNtCsjIJlTy97b1i_23playwright_ast_coverage17playwright_config13parse_options
FNDA:27,_RNvNtCsjIJlTy97b1i_23playwright_ast_coverage17playwright_config13parse_program
FNDA:33,_RNvNtCsjIJlTy97b1i_23playwright_ast_coverage17playwright_config14default_config
FNDA:89,_RNvNtCsjIJlTy97b1i_23playwright_ast_coverage17playwright_config15optional_string
FNDA:27,_RNvNtCsjIJlTy97b1i_23playwright_ast_coverage17playwright_config15parse_from_path
FNDA:26,_RNvNtCsjIJlTy97b1i_23playwright_ast_coverage17playwright_config15project_objects
FNDA:25,_RNvNtCsjIJlTy97b1i_23playwright_ast_coverage17playwright_config15required_string
FNDA:545,_RNvNtCsjIJlTy97b1i_23playwright_ast_coverage17playwright_config17property_key_name
FNDA:52,_RNvNtCsjIJlTy97b1i_23playwright_ast_coverage17playwright_config18default_test_match
FNDA:318,_RNvNtCsjIJlTy97b1i_23playwright_ast_coverage17playwright_config19property_expression
FNDA:15,_RNvNtCsjIJlTy97b1i_23playwright_ast_coverage17playwright_config20array_element_object
FNDA:27,_RNvNtCsjIJlTy97b1i_23playwright_ast_coverage17playwright_config20export_config_object
FNDA:27,_RNvNtCsjIJlTy97b1i_23playwright_ast_coverage17playwright_config21default_export_object
FNDA:18,_RNvNtCsjIJlTy97b1i_23playwright_ast_coverage17playwright_config21validate_config_names
FNDA:1,_RNvNtCsjIJlTy97b1i_23playwright_ast_coverage17playwright_config22argument_config_object
FNDA:0,_RNvNtCsjIJlTy97b1i_23playwright_ast_coverage17playwright_config22assignment_target_path
FNDA:3,_RNvNtCsjIJlTy97b1i_23playwright_ast_coverage17playwright_config22commonjs_config_object
FNDA:4,_RNvNtCsjIJlTy97b1i_23playwright_ast_coverage17playwright_config23binding_identifier_name
FNDA:17,_RNvNtCsjIJlTy97b1i_23playwright_ast_coverage17playwright_config24expression_config_object
FNDA:0,_RNvNtCsjIJlTy97b1i_23playwright_ast_coverage17playwright_config24identifier_config_object
FNDA:2,_RNvNtCsjIJlTy97b1i_23playwright_ast_coverage17playwright_config24parenthesized_expression
FNDA:9,_RNvNtCsjIJlTy97b1i_23playwright_ast_coverage17playwright_config24required_string_or_array
FNDA:1,_RNvNtCsjIJlTy97b1i_23playwright_ast_coverage17playwright_config25missing_config_name_error
FNDA:54,_RNvNtCsjIJlTy97b1i_23playwright_ast_coverage17playwright_config25top_level_object_bindings
FNDA:28,_RNvNtCsjIJlTy97b1i_23playwright_ast_coverage17playwright_config4load
FNDA:26,_RNvNtCsjIJlTy97b1i_23playwright_ast_coverage17playwright_config7combine
FNDA:54,_RNvNtCsjIJlTy97b1i_23playwright_ast_coverage17playwright_config9load_many
FNDA:2,_RNCNvMNtCs41bbaSek44P_23playwright_ast_coverage17playwright_configNtB4_16PlaywrightConfig18test_id_attributes0B6_
FNDA:20,_RNCNvNtCs41bbaSek44P_23playwright_ast_coverage17playwright_config13merge_project0B5_
FNDA:19,_RNCNvNtCs41bbaSek44P_23playwright_ast_coverage17playwright_config13merge_projects0_0B5_
FNDA:23,_RNCNvNtCs41bbaSek44P_23playwright_ast_coverage17playwright_config13merge_projects1_0B5_
FNDA:22,_RNCNvNtCs41bbaSek44P_23playwright_ast_coverage17playwright_config13merge_projects2_0B5_
FNDA:17,_RNCNvNtCs41bbaSek44P_23playwright_ast_coverage17playwright_config13merge_projects3_0B5_
FNDA:8,_RNCNvNtCs41bbaSek44P_23playwright_ast_coverage17playwright_config13merge_projects_0B5_
FNDA:8,_RNCNvNtCs41bbaSek44P_23playwright_ast_coverage17playwright_config13parse_options0B5_
FNDA:18,_RNCNvNtCs41bbaSek44P_23playwright_ast_coverage17playwright_config13parse_optionss0_0B5_
FNDA:15,_RNCNvNtCs41bbaSek44P_23playwright_ast_coverage17playwright_config13parse_optionss1_0B5_
FNDA:4,_RNCNvNtCs41bbaSek44P_23playwright_ast_coverage17playwright_config13parse_optionss2_0B5_
FNDA:7,_RNCNvNtCs41bbaSek44P_23playwright_ast_coverage17playwright_config13parse_optionss3_0B5_
FNDA:16,_RNCNvNtCs41bbaSek44P_23playwright_ast_coverage17playwright_config13parse_optionss4_0B5_
FNDA:7,_RNCNvNtCs41bbaSek44P_23playwright_ast_coverage17playwright_config13parse_optionss5_0B5_
FNDA:7,_RNCNvNtCs41bbaSek44P_23playwright_ast_coverage17playwright_config13parse_optionss6_0B5_
FNDA:16,_RNCNvNtCs41bbaSek44P_23playwright_ast_coverage17playwright_config13parse_optionss7_0B5_
FNDA:7,_RNCNvNtCs41bbaSek44P_23playwright_ast_coverage17playwright_config13parse_optionss8_0B5_
FNDA:3,_RNCNvNtCs41bbaSek44P_23playwright_ast_coverage17playwright_config13parse_optionss_0B5_
FNDA:27,_RNCNvNtCs41bbaSek44P_23playwright_ast_coverage17playwright_config15parse_from_path0B5_
FNDA:2,_RNCNvNtCs41bbaSek44P_23playwright_ast_coverage17playwright_config15required_string0B5_
FNDA:224,_RNCNvNtCs41bbaSek44P_23playwright_ast_coverage17playwright_config18default_test_match0B5_
FNDA:7,_RNCNvNtCs41bbaSek44P_23playwright_ast_coverage17playwright_config20export_config_object0B5_
FNDA:3,_RNCNvNtCs41bbaSek44P_23playwright_ast_coverage17playwright_config22commonjs_config_object0B5_
FNDA:2,_RNCNvNtCs41bbaSek44P_23playwright_ast_coverage17playwright_config24expression_config_object0B5_
FNDA:7,_RNCNvNtCs41bbaSek44P_23playwright_ast_coverage17playwright_config24identifier_config_object0B5_
FNDA:1,_RNCNvNtCs41bbaSek44P_23playwright_ast_coverage17playwright_config9load_many0B5_
FNDA:0,_RNCNvNtCs41bbaSek44P_23playwright_ast_coverage17playwright_config9load_manys_0B5_
FNDA:1,_RNvNtNtCs41bbaSek44P_23playwright_ast_coverage17playwright_config5testss_25parses_test_dir_and_match
[...]
FNDA:11,_RNvNtCs41bbaSek44P_23playwright_ast_coverage9selectors34extract_app_selectors_with_regexes
FNDA:53,_RNvNtCs41bbaSek44P_23playwright_ast_coverage9selectors36collect_static_defaults_from_binding
FNDA:17,_RNvNtCs41bbaSek44P_23playwright_ast_coverage9selectors36scoped_static_default_for_identifier
FNDA:31,_RNvNtCs41bbaSek44P_23playwright_ast_coverage9selectors38compile_selector_regexes_with_html_ids
FNDA:1,_RNvNtCs41bbaSek44P_23playwright_ast_coverage9selectors39extract_playwright_selector_occurrences
FNDA:13,_RNvNtCs41bbaSek44P_23playwright_ast_coverage9selectors40identifier_may_be_shadowed_or_reassigned
FNDA:9,_RNvNtCs41bbaSek44P_23playwright_ast_coverage9selectors41collect_scoped_static_identifier_defaults
FNDA:16,_RNvNtCs41bbaSek44P_23playwright_ast_coverage9selectors41extract_playwright_selectors_from_program
FNDA:16,_RNvNtCs41bbaSek44P_23playwright_ast_coverage9selectors41extract_playwright_selectors_with_regexes
FNDA:17,_RNvNtCs41bbaSek44P_23playwright_ast_coverage9selectors52extract_playwright_selector_occurrences_from_program
FNDA:2,_RNvXs0_NtCs41bbaSek44P_23playwright_ast_coverage9selectorsNtB5_15SelectorMatcherNtNtCsl8K0bEFm1U0_4core3cmp9PartialEq2eq
FNDA:11,_RNvXs2_NtCs41bbaSek44P_23playwright_ast_coverage9selectorsNtB5_15SelectorMatcherNtNtCsl8K0bEFm1U0_4core3cmp10PartialOrd11partial_cmp
FNDA:11,_RNvXs3_NtCs41bbaSek44P_23playwright_ast_coverage9selectorsNtB5_15SelectorMatcherNtNtCsl8K0bEFm1U0_4core3cmp3Ord3cmp
FNDA:46,_RNvXs7_NtCs41bbaSek44P_23playwright_ast_coverage9selectorsNtB5_18AppSelectorVisitorNtNtNtCsgD2vp664KNp_13oxc_ast_visit9generated5visit5Visit25visit_jsx_opening_element
FNDA:20,_RNvXs9_NtCs41bbaSek44P_23playwright_ast_coverage9selectorsNtB5_20ScopedDefaultVisitorNtNtNtCsgD2vp664KNp_13oxc_ast_visit9generated5visit5Visit14visit_function
FNDA:3,_RNvXs9_NtCs41bbaSek44P_23playwright_ast_coverage9selectorsNtB5_20ScopedDefaultVisitorNtNtNtCsgD2vp664KNp_13oxc_ast_visit9generated5visit5Visit31visit_arrow_function_expression
FNDA:1,_RNvXsb_NtCs41bbaSek44P_23playwright_ast_coverage9selectorsNtB5_25PlaywrightSelectorVisitorNtNtNtCsgD2vp664KNp_13oxc_ast_visit9generated5visit5Visit18visit_if_statement
FNDA:97,_RNvXsb_NtCs41bbaSek44P_23playwright_ast_coverage9selectorsNtB5_25PlaywrightSelectorVisitorNtNtNtCsgD2vp664KNp_13oxc_ast_visit9generated5visit5Visit21visit_call_expression
FNDA:1,_RNvXsb_NtCs41bbaSek44P_23playwright_ast_coverage9selectorsNtB5_25PlaywrightSelectorVisitorNtNtNtCsgD2vp664KNp_13oxc_ast_visit9generated5visit5Visit24visit_logical_expression
FNDA:1,_RNvXsb_NtCs41bbaSek44P_23playwright_ast_coverage9selectorsNtB5_25PlaywrightSelectorVisitorNtNtNtCsgD2vp664KNp_13oxc_ast_visit9generated5visit5Visit28visit_conditional_expression
FNF:184
FNH:184
DA:72,24
DA:73,24
DA:74,24
DA:75,24
DA:76,24
DA:77,24
DA:79,127
DA:80,127
DA:81,127
DA:82,127
DA:83,127
DA:84,127
DA:85,127
DA:86,127
DA:87,127
DA:88,127
DA:89,127
DA:90,9
DA:91,118
DA:92,127
DA:93,127
DA:96,127
DA:97,127
DA:98,127
DA:99,127
DA:100,127
DA:101,205
DA:102,205
DA:103,205
DA:104,127
DA:105,127
DA:107,127
DA:110,158
DA:111,158
DA:112,158
DA:114,126
DA:115,126
DA:116,126
DA:118,24
DA:119,24
DA:120,24
DA:124,54
DA:125,54
DA:126,49
DA:127,5
DA:129,54
DA:133,2
DA:134,2
DA:135,2
DA:141,11
DA:142,11
DA:143,11
DA:147,11
DA:148,11
DA:149,11
DA:153,158
DA:154,158
DA:155,130
DA:156,8
DA:157,20
DA:159,158
DA:161,23
DA:162,23
DA:163,11
DA:164,11
DA:165,1
DA:167,23
DA:171,11
DA:172,11
DA:173,13
DA:174,2
DA:175,9
DA:176,9
DA:177,9
DA:178,9
DA:179,9
DA:180,9
DA:181,9
DA:182,11
DA:184,10
DA:185,10
DA:186,10
DA:187,10
DA:188,18
DA:189,10
DA:190,10
DA:191,10
DA:192,1
DA:193,9
DA:194,9
DA:195,1
DA:196,8
DA:197,8
DA:198,3
DA:199,5
DA:201,5
DA:202,7
DA:203,7
DA:204,1
DA:206,6
DA:208,4
DA:209,10
DA:211,2
DA:212,2
DA:213,3
DA:214,3
DA:215,1
DA:216,2
DA:217,3
DA:219,2
DA:220,2
DA:222,4
DA:223,4
DA:224,4
DA:225,4
DA:226,4
DA:227,4
DA:229,1
DA:230,1
DA:231,1
DA:232,1
DA:233,1
DA:234,1
DA:235,1
DA:237,1
DA:238,1
DA:239,1
DA:240,1
DA:241,1
DA:245,31
DA:246,31
DA:247,9
DA:248,5
DA:249,5
DA:250,7
DA:251,5
DA:253,31
DA:255,11
DA:256,11
DA:257,2
DA:258,3
DA:259,1
DA:260,2
DA:261,3
DA:262,3
DA:265,11
DA:267,11
DA:268,11
DA:269,4
DA:270,4
DA:271,4
DA:272,4
DA:273,1
DA:274,1
DA:275,1
DA:276,1
DA:277,1
DA:278,1
DA:279,1
DA:281,11
DA:285,3
DA:286,3
DA:287,3
DA:288,3
DA:289,3
DA:290,3
DA:291,2
DA:292,5
DA:293,2
DA:294,6
DA:295,5
DA:297,5
DA:298,5
DA:299,3
DA:300,2
DA:301,2
DA:302,2
DA:303,2
DA:304,2
DA:305,2
DA:306,2
DA:307,1
DA:309,1
DA:311,1
DA:313,3
DA:316,8
DA:317,8
DA:318,8
DA:319,8
DA:320,8
DA:321,8
DA:322,8
DA:323,8
DA:324,8
DA:326,122
DA:327,122
DA:328,122
DA:329,122
DA:330,122
DA:331,122
DA:332,120
DA:333,120
DA:334,120
DA:335,120
DA:336,120
DA:337,120
DA:338,120
DA:339,120
DA:340,120
DA:341,120
DA:342,120
DA:343,120
DA:344,120
DA:345,122
DA:348,13
DA:349,13
DA:350,13
DA:351,13
DA:352,13
DA:353,13
DA:354,13
DA:355,13
DA:356,13
DA:357,13
DA:358,13
DA:359,13
DA:361,13
DA:362,13
DA:365,16
DA:366,16
DA:367,16
DA:368,16
DA:369,16
DA:370,16
DA:371,16
DA:372,16
DA:373,16
DA:374,16
DA:377,1
DA:378,1
DA:379,1
DA:380,1
DA:381,1
DA:382,1
DA:383,1
DA:384,1
DA:385,1
DA:386,1
DA:387,1
DA:388,1
DA:389,1
DA:391,1
DA:392,9
DA:393,1
DA:394,1
DA:395,1
DA:396,1
DA:399,16
DA:400,16
DA:401,16
DA:402,16
DA:403,16
DA:404,16
DA:405,16
DA:406,16
DA:407,16
DA:408,16
DA:409,16
DA:411,16
DA:412,16
DA:413,16
DA:414,16
DA:416,51
DA:417,51
DA:418,51
DA:419,51
DA:420,51
DA:421,51
DA:422,51
DA:423,51
DA:424,51
DA:425,51
DA:426,51
DA:427,51
DA:428,51
DA:429,51
DA:430,51
DA:431,51
DA:432,51
DA:433,51
DA:434,51
DA:447,160
DA:448,160
DA:449,160
DA:450,110
DA:451,1
DA:453,109
DA:454,1
DA:456,108
DA:457,9
DA:460,99
DA:461,99
DA:462,99
DA:463,99
DA:464,99
DA:465,98
DA:466,98
DA:467,98
DA:468,98
DA:469,98
DA:470,98
DA:473,160
DA:474,160
DA:478,108
DA:479,150
DA:480,85
DA:481,23
DA:482,23
DA:483,9
DA:484,14
DA:485,14
DA:486,6
DA:487,8
DA:488,8
DA:489,108
DA:492,160
DA:493,160
DA:494,150
DA:495,150
DA:496,150
DA:497,150
DA:498,150
DA:499,8
DA:500,8
DA:501,8
DA:502,8
DA:503,8
DA:504,1
DA:506,1
DA:508,160
DA:521,132
DA:522,132
DA:523,132
DA:524,132
DA:525,132
DA:526,132
DA:528,3
DA:529,3
DA:530,3
DA:531,3
DA:532,3
DA:533,3
DA:534,3
DA:538,135
DA:539,135
DA:540,135
DA:541,135
DA:542,135
DA:543,135
DA:544,31
DA:545,31
DA:546,31
DA:547,31
DA:548,31
DA:549,31
DA:550,31
DA:551,135
DA:564,353
DA:565,353
DA:566,56
DA:567,56
DA:568,56
DA:569,56
DA:570,54
DA:572,297
DA:573,103
DA:574,58
DA:575,58
DA:576,58
DA:577,42
DA:579,58
DA:580,17
DA:581,41
DA:583,194
DA:585,353
DA:586,353
DA:587,300
DA:588,300
DA:589,4
DA:590,8
DA:591,8
DA:592,7
DA:593,7
DA:595,4
DA:596,296
DA:597,296
DA:598,296
DA:599,53
DA:601,53
DA:602,106
DA:603,106
DA:604,53
DA:605,53
DA:606,53
DA:607,53
DA:608,53
DA:609,53
DA:611,353
DA:613,1
DA:614,1
DA:615,1
DA:616,1
DA:617,1
DA:618,1
DA:619,1
DA:620,1
DA:621,1
DA:622,1
DA:624,1
DA:625,1
DA:626,1
DA:627,1
DA:628,1
DA:629,1
DA:630,1
DA:631,1
DA:632,1
DA:633,1
DA:634,1
DA:636,1
DA:637,1
DA:638,1
DA:639,1
DA:640,1
DA:641,1
DA:642,1
DA:646,110
DA:647,110
DA:648,110
DA:649,110
DA:650,110
DA:651,110
DA:653,56
DA:654,56
DA:655,56
DA:656,56
DA:657,56
DA:658,56
DA:660,53
DA:661,53
DA:662,53
DA:663,53
DA:664,53
DA:665,53
DA:667,4
DA:668,4
DA:669,4
DA:670,4
DA:671,4
DA:672,4
DA:673,4
DA:676,109
DA:677,109
DA:678,108
DA:679,1
DA:681,109
DA:683,99
DA:684,99
DA:685,99
DA:686,99
DA:687,99
DA:688,99
DA:689,61
DA:690,61
DA:692,37
DA:693,37
DA:694,37
DA:695,37
DA:697,1
DA:699,99
DA:701,37
DA:702,37
DA:703,37
DA:704,37
DA:705,37
DA:706,37
DA:707,5
DA:708,5
DA:710,7
DA:711,7
DA:713,7
DA:714,7
DA:715,7
DA:718,24
DA:719,24
DA:720,24
DA:721,24
DA:722,24
DA:723,24
DA:725,24
DA:726,24
DA:728,1
DA:729,1
DA:730,1
DA:732,37
DA:734,120
DA:735,120
DA:736,120
DA:737,120
DA:738,120
DA:739,120
DA:740,120
DA:741,120
DA:742,120
DA:744,77
DA:745,77
DA:746,77
DA:747,77
DA:748,77
DA:749,77
DA:750,1
DA:751,77
DA:752,77
DA:753,1
DA:754,1
DA:755,76
DA:757,77
DA:758,16
DA:759,15
DA:760,16
DA:761,16
DA:762,15
DA:763,15
DA:764,15
DA:765,16
DA:767,26
DA:768,29
DA:769,29
DA:770,29
DA:772,1
DA:773,1
DA:774,1
DA:775,1
DA:777,34
DA:779,77
DA:781,93
DA:782,93
DA:783,50
DA:784,50
DA:786,43
DA:788,93
DA:790,77
DA:791,77
DA:792,77
DA:794,17
DA:795,17
DA:796,16
DA:797,1
DA:799,17
DA:801,24
DA:802,24
DA:803,24
DA:804,24
DA:805,24
DA:806,24
DA:807,24
DA:808,24
DA:809,211
DA:810,211
DA:811,80
DA:812,45
DA:813,211
DA:814,24
DA:815,16
DA:816,16
DA:817,24
DA:818,24
DA:819,24
DA:821,16
DA:822,16
DA:823,16
DA:824,16
DA:825,16
DA:826,16
DA:827,16
DA:828,16
DA:829,16
DA:830,16
DA:831,16
DA:832,16
DA:833,16
DA:834,16
DA:835,16
DA:836,16
DA:837,16
DA:838,16
DA:839,16
DA:840,16
DA:841,16
DA:842,16
DA:843,13
DA:844,13
DA:845,12
DA:846,16
DA:848,27
DA:849,27
DA:850,27
DA:851,20
DA:852,20
DA:853,20
DA:854,20
DA:855,1
DA:856,19
DA:857,19
DA:858,19
DA:859,1
DA:860,18
DA:861,18
DA:862,18
DA:863,1
DA:864,17
DA:865,17
DA:866,17
DA:867,17
DA:868,17
DA:869,179
DA:871,3
DA:872,14
DA:873,14
DA:874,7
DA:875,3
DA:876,4
DA:877,7
DA:879,19
DA:880,27
DA:882,31
DA:883,31
DA:884,31
DA:886,17
DA:887,17
DA:888,6
DA:889,6
DA:890,1
DA:892,5
DA:893,1
DA:894,4
DA:895,4
DA:896,124
DA:897,2
DA:898,8
DA:899,2
DA:900,1
DA:901,114
DA:904,3
DA:905,6
DA:906,17
DA:908,44
DA:909,44
DA:910,44
DA:911,44
DA:912,44
DA:913,44
DA:914,44
DA:915,44
DA:916,44
DA:917,44
DA:919,2829
DA:920,2785
DA:921,55
DA:922,3
DA:923,3
DA:924,52
DA:925,52
DA:926,52
DA:927,55
DA:928,2730
DA:929,2730
DA:930,36
DA:931,2
DA:932,2
DA:933,2
DA:934,2
DA:935,2
DA:936,34
DA:938,36
DA:939,2694
DA:940,2694
DA:941,3
DA:942,3
DA:943,3
DA:944,2691
DA:945,2691
DA:946,3
DA:947,3
DA:948,3
DA:949,2688
DA:950,2688
DA:951,53
DA:952,1
DA:953,52
DA:954,3
DA:955,3
DA:956,2
DA:957,2
DA:958,2
DA:959,1
DA:960,49
DA:961,51
DA:962,51
DA:963,2635
DA:964,2635
DA:965,60
DA:966,60
DA:967,60
DA:968,2575
DA:969,2575
DA:970,59
DA:971,59
DA:972,59
DA:973,2516
DA:974,2516
DA:975,21
DA:976,2
DA:977,2
DA:978,2
DA:979,2
DA:980,2
DA:981,19
DA:982,19
DA:983,19
DA:984,19
DA:985,21
DA:986,2495
DA:988,2495
DA:989,3
DA:990,3
DA:991,3
DA:992,3
DA:993,2492
DA:994,2
DA:995,2
DA:996,2
DA:997,2
DA:998,2490
DA:999,8
DA:1000,8
DA:1001,2482
DA:1002,4
DA:1003,4
DA:1004,2478
DA:1005,3
DA:1006,3
DA:1007,2475
DA:1008,2475
DA:1009,2475
DA:1012,44
DA:1013,44
DA:1015,58
DA:1016,58
DA:1017,58
DA:1018,58
DA:1019,58
DA:1020,93
DA:1021,93
DA:1022,42
DA:1023,42
DA:1024,42
DA:1025,42
DA:1026,42
DA:1027,42
DA:1028,42
DA:1029,42
DA:1030,42
DA:1031,42
DA:1032,42
DA:1033,42
DA:1035,58
DA:1037,17
DA:1038,17
DA:1039,17
DA:1040,17
DA:1041,17
DA:1042,17
DA:1043,17
DA:1045,169
DA:1046,152
DA:1047,152
DA:1048,152
DA:1049,152
DA:1050,152
DA:1052,152
DA:1053,1
DA:1054,1
DA:1055,1
DA:1056,151
DA:1057,151
DA:1058,14
DA:1059,1
DA:1060,1
DA:1061,13
DA:1062,13
DA:1063,13
DA:1064,14
DA:1065,137
DA:1066,137
DA:1067,1
DA:1068,1
DA:1069,1
DA:1070,136
DA:1071,136
DA:1072,16
DA:1073,1
DA:1074,15
DA:1075,16
DA:1076,16
DA:1077,120
DA:1078,120
DA:1079,19
DA:1080,3
DA:1081,16
DA:1082,19
DA:1083,19
DA:1084,101
DA:1086,4
DA:1087,1
DA:1088,3
DA:1089,4
DA:1090,4
DA:1091,1
DA:1092,1
DA:1093,1
DA:1094,1
DA:1095,16
DA:1096,16
DA:1097,14
DA:1098,14
DA:1099,14
DA:1100,14
DA:1101,14
DA:1102,14
DA:1103,14
DA:1104,2
DA:1106,72
DA:1109,87
DA:1111,17
DA:1113,16
DA:1114,16
DA:1115,16
DA:1116,123
DA:1117,111
DA:1118,111
DA:1119,4
DA:1120,4
DA:1121,4
DA:1122,4
DA:1123,107
DA:1124,107
DA:1125,4
DA:1126,103
DA:1127,103
DA:1128,103
DA:1131,16
DA:1132,2
DA:1133,14
DA:1135,14
DA:1136,16
DA:1138,4
DA:1139,4
DA:1140,4
DA:1141,4
DA:1142,1
DA:1143,3
DA:1145,3
DA:1146,13
DA:1147,12
DA:1148,12
DA:1149,12
DA:1150,12
DA:1151,12
DA:1152,2
DA:1153,10
DA:1154,10
DA:1155,10
DA:1158,3
DA:1159,3
DA:1160,3
DA:1161,3
DA:1162,3
DA:1164,3
DA:1165,3
DA:1166,4
DA:1168,107
DA:1169,107
DA:1170,107
DA:1172,353
DA:1173,353
DA:1174,353
DA:1176,651
DA:1177,651
DA:1178,436
DA:1179,436
DA:1181,1
DA:1182,1
DA:1184,214
DA:1186,651
DA:1194,297
DA:1195,297
DA:1196,190
DA:1197,189
DA:1198,138
DA:1199,137
DA:1200,137
DA:1201,88
DA:1202,102
DA:1203,87
DA:1205,297
DA:1207,103
DA:1208,103
DA:1209,103
DA:1210,103
DA:1211,103
DA:1212,103
DA:1213,103
DA:1214,103
DA:1215,103
DA:1216,103
DA:1217,55
DA:1218,3
DA:1219,3
DA:1221,1
DA:1222,59
DA:1223,103
DA:1224,103
DA:1226,56
DA:1227,56
DA:1228,56
DA:1229,56
DA:1230,56
DA:1231,56
DA:1232,56
DA:1233,1
DA:1236,55
DA:1237,48
DA:1238,48
DA:1239,48
DA:1240,48
DA:1241,1
DA:1242,1
DA:1243,1
DA:1245,5
DA:1246,5
DA:1247,5
DA:1248,5
DA:1249,5
DA:1250,5
DA:1251,5
DA:1252,5
DA:1253,5
DA:1254,5
DA:1256,1
DA:1259,55
DA:1260,1
DA:1262,54
DA:1263,54
DA:1264,54
DA:1265,54
DA:1266,54
DA:1267,54
DA:1268,54
DA:1269,56
DA:1271,205
DA:1272,205
DA:1274,205
DA:1276,205
DA:1277,205
DA:1279,42
DA:1280,42
DA:1281,42
DA:1282,35
DA:1283,32
DA:1284,28
DA:1286,42
DA:1288,42
DA:1289,42
DA:1290,42
DA:1291,43
DA:1292,42
DA:1294,11
DA:1295,11
DA:1296,11
DA:1297,20
DA:1298,10
DA:1299,10
DA:1300,10
DA:1301,1
DA:1303,9
DA:1305,10
DA:1306,10
DA:1307,11
DA:1309,118
DA:1310,118
DA:1311,118
DA:1312,118
DA:1313,118
DA:1316,6
DA:1317,6
DA:1318,6
DA:1319,6
DA:1320,6
DA:1328,13
DA:1329,13
DA:1330,13
DA:1332,4
DA:1333,4
DA:1334,4
DA:1337,1
DA:1338,1
DA:1339,1
DA:1340,1
DA:1341,1
DA:1342,1
DA:1343,1
DA:1345,1
DA:1346,1
DA:1347,1
DA:1348,1
DA:1349,1
DA:1352,1
DA:1353,1
DA:1354,1
DA:1355,1
DA:1356,1
DA:1357,1
DA:1358,1
DA:1360,1
DA:1361,1
DA:1362,1
DA:1363,1
DA:1364,1
DA:1365,1
DA:1368,1
DA:1369,1
DA:1370,1
DA:1371,1
DA:1372,1
DA:1373,1
DA:1374,1
DA:1375,1
DA:1376,1
DA:1377,1
DA:1378,1
DA:1379,1
DA:1380,1
DA:1381,1
DA:1382,1
DA:1383,1
DA:1384,1
DA:1385,1
DA:1386,1
DA:1387,1
DA:1388,1
DA:1390,1
DA:1392,1
DA:1393,1
DA:1394,5
DA:1395,1
DA:1396,1
DA:1398,1
DA:1399,1
DA:1400,1
DA:1401,1
DA:1402,1
DA:1403,1
DA:1404,1
DA:1406,1
DA:1409,1
DA:1410,1
DA:1411,1
DA:1412,1
DA:1413,1
DA:1414,1
DA:1415,1
DA:1416,1
DA:1417,1
DA:1418,1
DA:1419,1
DA:1420,1
DA:1421,1
DA:1422,1
DA:1423,1
DA:1424,1
DA:1425,1
DA:1426,1
DA:1427,1
DA:1428,1
DA:1429,1
DA:1430,1
DA:1431,1
DA:1432,1
DA:1433,1
DA:1434,1
DA:1435,1
DA:1436,1
DA:1437,1
DA:1438,1
DA:1439,1
DA:1440,1
DA:1441,1
DA:1442,1
DA:1443,1
DA:1444,1
DA:1445,1
DA:1446,1
DA:1447,1
DA:1448,1
DA:1449,1
DA:1450,1
DA:1451,1
DA:1452,1
DA:1453,1
DA:1454,1
DA:1455,1
DA:1456,1
DA:1457,1
DA:1458,1
DA:1459,1
DA:1460,1
DA:1461,1
DA:1462,1
DA:1463,1
DA:1464,1
DA:1465,1
DA:1466,1
DA:1467,1
DA:1468,1
DA:1469,1
DA:1470,1
DA:1471,1
DA:1472,1
DA:1473,1
DA:1474,1
DA:1475,1
DA:1476,1
DA:1477,1
DA:1478,1
DA:1479,1
DA:1480,1
DA:1481,1
DA:1482,1
DA:1483,1
DA:1484,1
DA:1485,1
DA:1486,1
DA:1487,1
DA:1488,1
DA:1489,1
DA:1490,1
DA:1491,1
DA:1492,1
DA:1493,1
DA:1494,1
DA:1495,1
DA:1496,1
DA:1497,1
DA:1498,1
DA:1500,1
DA:1502,1
DA:1503,1
DA:1504,1
DA:1505,1
DA:1507,1
DA:1509,1
DA:1510,1
DA:1511,1
DA:1512,1
DA:1513,1
DA:1514,1
DA:1515,1
DA:1516,1
DA:1517,1
DA:1518,1
DA:1519,1
DA:1520,1
DA:1521,1
DA:1522,1
DA:1523,1
DA:1526,1
DA:1529,1
DA:1530,1
DA:1531,1
DA:1532,1
DA:1533,1
DA:1534,1
DA:1535,1
DA:1536,1
DA:1538,1
DA:1539,1
DA:1540,1
DA:1543,1
DA:1544,1
DA:1545,1
DA:1546,1
DA:1547,1
DA:1548,1
DA:1549,6
DA:1550,1
DA:1551,1
DA:1552,4
DA:1553,1
DA:1554,1
DA:1555,1
DA:1556,1
DA:1557,1
DA:1558,2
DA:1559,1
DA:1560,1
DA:1561,3
DA:1562,1
DA:1563,1
DA:1564,5
DA:1565,1
DA:1568,1
DA:1569,1
DA:1570,1
DA:1571,1
DA:1572,1
DA:1573,1
DA:1574,1
DA:1575,1
DA:1576,1
DA:1577,1
DA:1578,1
DA:1579,1
DA:1580,1
DA:1581,1
DA:1582,1
DA:1583,1
DA:1584,1
DA:1585,1
DA:1586,1
DA:1587,1
DA:1588,1
DA:1589,1
DA:1590,1
DA:1591,1
DA:1592,1
DA:1593,1
DA:1594,1
DA:1595,1
DA:1596,1
DA:1597,1
DA:1598,1
DA:1599,1
DA:1600,1
DA:1601,1
DA:1602,1
DA:1603,1
DA:1604,1
DA:1605,1
DA:1608,1
DA:1610,1
DA:1611,1
DA:1612,1
DA:1613,1
DA:1614,1
DA:1615,1
DA:1616,1
DA:1617,1
DA:1618,1
DA:1619,1
DA:1620,1
DA:1621,1
DA:1622,1
DA:1623,1
DA:1624,1
DA:1625,1
DA:1626,1
DA:1627,1
DA:1628,1
DA:1629,1
DA:1630,1
DA:1631,1
DA:1632,1
DA:1633,1
DA:1634,1
DA:1635,1
DA:1636,1
DA:1637,1
DA:1640,1
DA:1643,1
DA:1644,1
DA:1645,1
DA:1646,1
DA:1647,1
DA:1648,1
DA:1649,1
DA:1650,1
DA:1651,1
DA:1652,1
DA:1653,1
DA:1654,1
DA:1655,1
DA:1656,1
DA:1657,1
DA:1658,7
DA:1659,1
DA:1660,1
DA:1661,2
DA:1662,1
DA:1663,1
DA:1664,8
DA:1665,1
DA:1666,1
DA:1667,3
DA:1668,1
DA:1669,1
DA:1670,6
DA:1671,1
DA:1672,1
DA:1673,1
DA:1674,1
DA:1675,1
DA:1676,5
DA:1677,1
DA:1678,1
DA:1679,9
DA:1680,1
DA:1681,1
DA:1682,4
DA:1683,1
DA:1684,1
DA:1685,9
DA:1686,1
DA:1689,1
DA:1690,1
DA:1691,1
DA:1692,1
DA:1695,1
DA:1696,1
DA:1697,1
DA:1698,1
DA:1699,1
DA:1700,1
DA:1701,1
DA:1702,1
DA:1703,1
DA:1704,1
DA:1705,1
DA:1706,1
DA:1707,1
DA:1709,1
DA:1710,1
DA:1711,1
DA:1712,3
DA:1713,1
DA:1714,1
DA:1716,1
DA:1717,1
DA:1718,1
DA:1719,1
DA:1720,1
DA:1723,1
DA:1724,1
DA:1725,1
DA:1726,1
DA:1727,1
DA:1728,1
DA:1729,1
DA:1730,1
DA:1731,1
DA:1732,1
DA:1734,1
DA:1735,1
DA:1736,1
DA:1737,4
DA:1738,1
DA:1739,1
DA:1741,1
DA:1742,1
DA:1743,1
DA:1744,1
DA:1745,1
DA:1746,1
DA:1748,1
DA:1751,1
DA:1752,1
DA:1753,1
DA:1754,1
DA:1755,1
DA:1756,1
DA:1757,1
DA:1758,1
DA:1759,1
DA:1760,1
DA:1761,1
DA:1763,1
DA:1764,1
DA:1765,1
DA:1766,2
DA:1767,1
DA:1769,1
DA:1771,1
DA:1772,1
DA:1773,1
DA:1776,1
DA:1779,1
DA:1780,1
DA:1781,1
DA:1782,1
DA:1783,1
DA:1784,1
DA:1785,1
DA:1786,1
DA:1787,1
DA:1788,1
DA:1789,1
DA:1790,1
DA:1791,1
DA:1792,1
DA:1793,1
DA:1795,1
DA:1796,1
DA:1797,1
DA:1798,6
DA:1799,1
DA:1801,1
DA:1803,1
DA:1804,1
DA:1805,1
DA:1806,1
DA:1807,1
DA:1808,1
DA:1809,1
DA:1812,1
DA:1815,1
DA:1816,1
DA:1817,1
DA:1818,1
DA:1819,1
DA:1820,1
DA:1821,1
DA:1823,1
DA:1824,1
DA:1825,1
DA:1826,2
DA:1828,1
DA:1829,1
DA:1830,1
DA:1831,1
DA:1832,1
DA:1833,7
DA:1834,1
DA:1835,1
DA:1836,6
DA:1837,1
DA:1838,1
DA:1839,8
DA:1840,1
DA:1841,1
DA:1842,3
DA:1843,1
DA:1844,1
DA:1845,2
DA:1846,1
DA:1847,1
DA:1848,5
DA:1849,1
DA:1850,1
DA:1851,4
DA:1852,1
DA:1853,1
DA:1854,1
DA:1855,1
DA:1858,1
DA:1859,1
DA:1860,1
DA:1861,1
DA:1862,1
DA:1863,1
DA:1865,1
DA:1866,1
DA:1869,1
DA:1870,1
DA:1871,1
DA:1872,1
DA:1873,1
DA:1874,1
DA:1875,1
DA:1876,1
DA:1877,1
DA:1878,1
DA:1879,1
DA:1881,1
DA:1882,1
DA:1883,5
DA:1884,1
DA:1887,1
DA:1888,1
DA:1889,1
DA:1890,1
DA:1891,1
DA:1892,1
DA:1893,1
DA:1894,1
DA:1895,1
DA:1896,1
DA:1897,1
DA:1899,1
DA:1900,1
DA:1901,5
DA:1902,1
DA:1905,1
DA:1906,1
DA:1907,1
DA:1908,1
DA:1909,1
DA:1910,1
DA:1911,1
DA:1912,1
DA:1913,1
DA:1914,1
DA:1915,1
DA:1916,3
DA:1917,1
DA:1920,1
DA:1921,1
DA:1922,1
DA:1923,1
DA:1924,1
DA:1925,1
DA:1926,1
DA:1927,1
DA:1928,1
DA:1929,1
DA:1930,1
DA:1932,1
DA:1933,1
DA:1934,1
DA:1937,1
DA:1938,1
DA:1939,1
DA:1940,1
DA:1941,1
DA:1942,1
DA:1943,1
DA:1944,1
DA:1945,1
DA:1946,1
DA:1949,1
DA:1950,1
DA:1951,1
DA:1954,1
DA:1955,1
DA:1956,1
DA:1957,1
DA:1958,1
DA:1959,1
DA:1960,1
DA:1961,1
DA:1962,1
DA:1963,1
DA:1964,1
DA:1966,1
DA:1967,1
DA:1968,1
DA:1969,1
DA:1970,1
DA:1971,1
DA:1972,1
DA:1973,1
DA:1975,1
DA:1978,1
DA:1979,1
DA:1980,1
DA:1981,1
DA:1982,1
DA:1985,1
DA:1986,1
DA:1987,1
DA:1990,1
DA:1991,1
DA:1992,1
DA:1993,1
DA:1994,1
DA:1995,1
DA:1996,1
DA:1999,1
DA:2000,1
DA:2001,1
DA:2002,1
DA:2003,1
DA:2004,1
DA:2006,1
DA:2007,1
DA:2008,1
DA:2009,1
DA:2010,1
DA:2011,1
DA:2012,1
DA:2013,1
DA:2014,1
DA:2015,1
DA:2016,1
DA:2019,1
DA:2020,1
DA:2021,1
DA:2024,1
DA:2025,1
DA:2026,1
DA:2027,1
DA:2028,1
DA:2029,1
DA:2030,1
DA:2031,1
DA:2032,1
DA:2033,1
DA:2036,1
DA:2037,1
DA:2039,1
DA:2040,1
DA:2041,1
DA:2043,1
DA:2044,1
DA:2045,1
DA:2047,1
DA:2048,1
DA:2049,1
DA:2050,1
DA:2051,1
DA:2052,1
DA:2053,1
DA:2054,1
DA:2055,1
DA:2056,1
DA:2057,1
DA:2058,1
DA:2059,1
DA:2062,1
DA:2063,1
DA:2064,1
DA:2065,1
DA:2066,1
DA:2067,1
DA:2068,1
DA:2069,1
DA:2070,1
BRF:0
BRH:0
LF:1727
LH:1726
end_of_record
SF:/Users/jong/playwright-ast-coverage/.codex/worktrees/gemini-2/crates/playwright-ast-coverage/src/test_support.rs
FN:3,_RNvNtCs41bbaSek44P_23playwright_ast_coverage12test_support12fixture_path
FN:10,_RNvNtCs41bbaSek44P_23playwright_ast_coverage12test_support14fixture_source
FNDA:59,_RNvNtCs41bbaSek44P_23playwright_ast_coverage12test_support12fixture_path
FNDA:42,_RNvNtCs41bbaSek44P_23playwright_ast_coverage12test_support14fixture_source
FNF:2
FNH:2
DA:3,59
DA:4,59
DA:5,59
DA:6,59
DA:7,59
DA:8,59
DA:10,42
DA:11,42
DA:12,42
BRF:0
BRH:0
LF:9
LH:9
end_of_record